Using pre-set license
Built from '2021.3/staging' branch; Version is '2021.3.3f1 (af2e63e8f9bd) revision 11480675'; Using compiler version '192829333'; Build Type 'Release'
OS: 'Windows 10  (10.0.19043) 64bit Professional' Language: 'ru' Physical Memory: 8101 MB
BatchMode: 1, IsHumanControllingUs: 0, StartBugReporterOnCrash: 0, Is64bit: 1, IsPro: 1

COMMAND LINE ARGUMENTS:
D:\Unity\2021.3.3f1\Editor\Unity.exe
-adb2
-batchMode
-noUpm
-name
AssetImportWorker11
-projectPath
D:/Unity/Color_Mixer/Color Mixer
-logFile
Logs/AssetImportWorker11.log
-srvPort
65470
Successfully changed project path to: D:/Unity/Color_Mixer/Color Mixer
D:/Unity/Color_Mixer/Color Mixer
[UnityMemory] Configuration Parameters - Can be set up in boot.config
    "memorysetup-bucket-allocator-granularity=16"
    "memorysetup-bucket-allocator-bucket-count=8"
    "memorysetup-bucket-allocator-block-size=33554432"
    "memorysetup-bucket-allocator-block-count=8"
    "memorysetup-main-allocator-block-size=16777216"
    "memorysetup-thread-allocator-block-size=16777216"
    "memorysetup-gfx-main-allocator-block-size=16777216"
    "memorysetup-gfx-thread-allocator-block-size=16777216"
    "memorysetup-cache-allocator-block-size=4194304"
    "memorysetup-typetree-allocator-block-size=2097152"
    "memorysetup-profiler-bucket-allocator-granularity=16"
    "memorysetup-profiler-bucket-allocator-bucket-count=8"
    "memorysetup-profiler-bucket-allocator-block-size=33554432"
    "memorysetup-profiler-bucket-allocator-block-count=8"
    "memorysetup-profiler-allocator-block-size=16777216"
    "memorysetup-profiler-editor-allocator-block-size=1048576"
    "memorysetup-temp-allocator-size-main=16777216"
    "memorysetup-job-temp-allocator-block-size=2097152"
    "memorysetup-job-temp-allocator-block-size-background=1048576"
    "memorysetup-job-temp-allocator-reduction-small-platforms=262144"
    "memorysetup-temp-allocator-size-background-worker=32768"
    "memorysetup-temp-allocator-size-job-worker=262144"
    "memorysetup-temp-allocator-size-preload-manager=33554432"
    "memorysetup-temp-allocator-size-nav-mesh-worker=65536"
    "memorysetup-temp-allocator-size-audio-worker=65536"
    "memorysetup-temp-allocator-size-cloud-worker=32768"
    "memorysetup-temp-allocator-size-gi-baking-worker=262144"
    "memorysetup-temp-allocator-size-gfx=262144"
Refreshing native plugins compatible for Editor in 466.63 ms, found 3 plugins.
Preloading 0 native plugins for Editor in 0.00 ms.
Initialize engine version: 2021.3.3f1 (af2e63e8f9bd)
[Subsystems] Discovering subsystems at path D:/Unity/2021.3.3f1/Editor/Data/Resources/UnitySubsystems
[Subsystems] Discovering subsystems at path D:/Unity/Color_Mixer/Color Mixer/Assets
GfxDevice: creating device client; threaded=0; jobified=0
Direct3D:
    Version:  Direct3D 11.0 [level 11.1]
    Renderer: NVIDIA GeForce MX150 (ID=0x1d10)
    Vendor:   NVIDIA
    VRAM:     1983 MB
    Driver:   30.0.15.1277
Initialize mono
Mono path[0] = 'D:/Unity/2021.3.3f1/Editor/Data/Managed'
Mono path[1] = 'D:/Unity/2021.3.3f1/Editor/Data/MonoBleedingEdge/lib/mono/unityjit-win32'
Mono config path = 'D:/Unity/2021.3.3f1/Editor/Data/MonoBleedingEdge/etc'
Using monoOptions --debugger-agent=transport=dt_socket,embedding=1,server=y,suspend=n,address=127.0.0.1:56352
Begin MonoManager ReloadAssembly
Registering precompiled unity dll's ...
Register platform support module: D:/Unity/2021.3.3f1/Editor/Data/PlaybackEngines/AndroidPlayer/UnityEditor.Android.Extensions.dll
Register platform support module: D:/Unity/2021.3.3f1/Editor/Data/PlaybackEngines/WindowsStandaloneSupport/UnityEditor.WindowsStandalone.Extensions.dll
Register platform support module: D:/Unity/2021.3.3f1/Editor/Data/PlaybackEngines/MetroSupport/UnityEditor.UWP.Extensions.dll
Registered in 0.006311 seconds.
Native extension for UWP target not found
Native extension for WindowsStandalone target not found
Native extension for Android target not found
Refreshing native plugins compatible for Editor in 241.38 ms, found 3 plugins.
Preloading 0 native plugins for Editor in 0.00 ms.
Mono: successfully reloaded assembly
- Completed reload, in  1.738 seconds
Domain Reload Profiling:
	ReloadAssembly (1740ms)
		BeginReloadAssembly (186ms)
			ExecutionOrderSort (0ms)
			DisableScriptedObjects (0ms)
			BackupInstance (0ms)
			ReleaseScriptingObjects (0ms)
			CreateAndSetChildDomain (1ms)
		EndReloadAssembly (1330ms)
			LoadAssemblies (186ms)
			RebuildTransferFunctionScriptingTraits (0ms)
			SetupTypeCache (293ms)
			ReleaseScriptCaches (0ms)
			RebuildScriptCaches (75ms)
			SetupLoadedEditorAssemblies (843ms)
				LogAssemblyErrors (0ms)
				InitializePlatformSupportModulesInManaged (151ms)
				SetLoadedEditorAssemblies (1ms)
				RefreshPlugins (242ms)
				BeforeProcessingInitializeOnLoad (4ms)
				ProcessInitializeOnLoadAttributes (293ms)
				ProcessInitializeOnLoadMethodAttributes (153ms)
				AfterProcessingInitializeOnLoad (0ms)
				EditorAssembliesLoaded (0ms)
			ExecutionOrderSort2 (0ms)
			AwakeInstancesAfterBackupRestoration (0ms)
Platform modules already initialized, skipping
Registering precompiled user dll's ...
Registered in 0.026001 seconds.
Begin MonoManager ReloadAssembly
Symbol file LoadedFromMemory doesn't match image D:\Unity\Color_Mixer\Color Mixer\Library\PackageCache\com.unity.visualscripting@1.7.6\Editor\VisualScripting.Core\Dependencies\YamlDotNet\Unity.VisualScripting.YamlDotNet.dll
Symbol file LoadedFromMemory doesn't match image D:\Unity\Color_Mixer\Color Mixer\Library\PackageCache\com.unity.visualscripting@1.7.6\Editor\VisualScripting.Core\Dependencies\DotNetZip\Unity.VisualScripting.IonicZip.dll
Native extension for UWP target not found
Native extension for WindowsStandalone target not found
Native extension for Android target not found
Refreshing native plugins compatible for Editor in 233.91 ms, found 3 plugins.
Preloading 0 native plugins for Editor in 0.00 ms.
Mono: successfully reloaded assembly
- Completed reload, in  4.078 seconds
Domain Reload Profiling:
	ReloadAssembly (4081ms)
		BeginReloadAssembly (437ms)
			ExecutionOrderSort (0ms)
			DisableScriptedObjects (21ms)
			BackupInstance (0ms)
			ReleaseScriptingObjects (0ms)
			CreateAndSetChildDomain (179ms)
		EndReloadAssembly (3373ms)
			LoadAssemblies (198ms)
			RebuildTransferFunctionScriptingTraits (0ms)
			SetupTypeCache (760ms)
			ReleaseScriptCaches (1ms)
			RebuildScriptCaches (133ms)
			SetupLoadedEditorAssemblies (1986ms)
				LogAssemblyErrors (0ms)
				InitializePlatformSupportModulesInManaged (34ms)
				SetLoadedEditorAssemblies (0ms)
				RefreshPlugins (234ms)
				BeforeProcessingInitializeOnLoad (230ms)
				ProcessInitializeOnLoadAttributes (1261ms)
				ProcessInitializeOnLoadMethodAttributes (212ms)
				AfterProcessingInitializeOnLoad (15ms)
				EditorAssembliesLoaded (1ms)
			ExecutionOrderSort2 (0ms)
			AwakeInstancesAfterBackupRestoration (48ms)
Platform modules already initialized, skipping
========================================================================
Worker process is ready to serve import requests
Launched and connected shader compiler UnityShaderCompiler.exe after 2.49 seconds
Refreshing native plugins compatible for Editor in 1.23 ms, found 3 plugins.
Preloading 0 native plugins for Editor in 0.00 ms.
Unloading 5011 Unused Serialized files (Serialized files now loaded: 0)
Unloading 33 unused Assets / (0.7 MB). Loaded Objects now: 5464.
Memory consumption went from 195.7 MB to 195.0 MB.
Total: 13.478800 ms (FindLiveObjects: 5.739400 ms CreateObjectMapping: 0.682900 ms MarkObjects: 6.228100 ms  DeleteObjects: 0.825300 ms)

AssetImportParameters requested are different than current active one (requested -> active):
  custom:video-decoder-ogg-theora: a1e56fd34408186e4bbccfd4996cb3dc -> 
  custom:container-muxer-webm: aa71ff27fc2769a1b78a27578f13a17b -> 
  custom:container-demuxer-webm: 4f35f7cbe854078d1ac9338744f61a02 -> 
  custom:video-encoder-webm-vp8: eb34c28f22e8b96e1ab97ce403110664 -> 
  custom:audio-encoder-webm-vorbis: bf7c407c2cedff20999df2af8eb42d56 -> 
  custom:framework-win-MediaFoundation: 216162199b28c13a410421893ffa2e32 -> 
  custom:container-demuxer-ogg: 62fdf1f143b41e24485cea50d1cbac27 -> 
  custom:video-decoder-webm-vp8: 9c59270c3fd7afecdb556c50c9e8de78 -> 
  custom:audio-decoder-ogg-vorbis: bf7c407c2cedff20999df2af8eb42d56 -> 
========================================================================
Received Import Request.
  Time since last request: 31038.606487 seconds.
  path: Assets/UniversalRenderPipelineGlobalSettings.asset
  artifactKey: Guid(18dc0cd2c080841dea60987a38ce93fa) Importer(815301076,1909f56bfc062723c751e8b465ee728b)
Start importing Assets/UniversalRenderPipelineGlobalSettings.asset using Guid(18dc0cd2c080841dea60987a38ce93fa) Importer(815301076,1909f56bfc062723c751e8b465ee728b)  -> (artifact id: '2eecc253734895facb66926253515a97') in 0.262230 seconds 
========================================================================
Received Import Request.
  Time since last request: 0.000041 seconds.
  path: Assets/Readme.asset
  artifactKey: Guid(8105016687592461f977c054a80ce2f2) Importer(815301076,1909f56bfc062723c751e8b465ee728b)
Start importing Assets/Readme.asset using Guid(8105016687592461f977c054a80ce2f2) Importer(815301076,1909f56bfc062723c751e8b465ee728b)  -> (artifact id: '0f2f2b655bf21bdea72856b1c39a4a32') in 0.018596 seconds 
========================================================================
Received Import Request.
  Time since last request: 2731.119993 seconds.
  path: Assets/TutorialInfo
  artifactKey: Guid(ba062aa6c92b140379dbc06b43dd3b9b) Importer(815301076,1909f56bfc062723c751e8b465ee728b)
Start importing Assets/TutorialInfo using Guid(ba062aa6c92b140379dbc06b43dd3b9b) Importer(815301076,1909f56bfc062723c751e8b465ee728b)  -> (artifact id: '94fb6c6bacde1da6d0b7d43ec8d6e3b7') in 0.323694 seconds 
========================================================================
Received Import Request.
  Time since last request: 1.117785 seconds.
  path: Assets/Settings
  artifactKey: Guid(709f11a7f3c4041caa4ef136ea32d874) Importer(815301076,1909f56bfc062723c751e8b465ee728b)
Start importing Assets/Settings using Guid(709f11a7f3c4041caa4ef136ea32d874) Importer(815301076,1909f56bfc062723c751e8b465ee728b)  -> (artifact id: 'dfaa9b38051423c63420310940c3f677') in 0.136028 seconds 
========================================================================
Received Import Request.
  Time since last request: 1.944431 seconds.
  path: Assets/Scenes
  artifactKey: Guid(fe838635a071f254584ceb227f74008e) Importer(815301076,1909f56bfc062723c751e8b465ee728b)
Start importing Assets/Scenes using Guid(fe838635a071f254584ceb227f74008e) Importer(815301076,1909f56bfc062723c751e8b465ee728b)  -> (artifact id: '67398062d535e94b7c2b2eacab895320') in 0.064405 seconds 
========================================================================
Received Import Request.
  Time since last request: 5.910671 seconds.
  path: Assets
  artifactKey: Guid(00000000000000001000000000000000) Importer(815301076,1909f56bfc062723c751e8b465ee728b)
Start importing Assets using Guid(00000000000000001000000000000000) Importer(815301076,1909f56bfc062723c751e8b465ee728b)  -> (artifact id: '79842766b460edbeab6a34051e857a80') in 0.195556 seconds 
========================================================================
Received Import Request.
  Time since last request: 41.784311 seconds.
  path: Assets/NewBehaviourScript.cs
  artifactKey: Guid(1aa61dceb62ac4b40a95ced2da740f8a) Importer(815301076,1909f56bfc062723c751e8b465ee728b)
Start importing Assets/NewBehaviourScript.cs using Guid(1aa61dceb62ac4b40a95ced2da740f8a) Importer(815301076,1909f56bfc062723c751e8b465ee728b)  -> (artifact id: 'd350c2d6cffbd49ffbaf516c07de8dc4') in 1.721463 seconds 
========================================================================
Received Prepare
Registering precompiled user dll's ...
Registered in 0.008228 seconds.
Begin MonoManager ReloadAssembly
Symbol file LoadedFromMemory doesn't match image D:\Unity\Color_Mixer\Color Mixer\Library\PackageCache\com.unity.visualscripting@1.7.6\Editor\VisualScripting.Core\Dependencies\YamlDotNet\Unity.VisualScripting.YamlDotNet.dll
Symbol file LoadedFromMemory doesn't match image D:\Unity\Color_Mixer\Color Mixer\Library\PackageCache\com.unity.visualscripting@1.7.6\Editor\VisualScripting.Core\Dependencies\DotNetZip\Unity.VisualScripting.IonicZip.dll
Native extension for UWP target not found
Native extension for WindowsStandalone target not found
Native extension for Android target not found
Refreshing native plugins compatible for Editor in 1.12 ms, found 3 plugins.
Preloading 0 native plugins for Editor in 0.00 ms.
Mono: successfully reloaded assembly
- Completed reload, in  1.859 seconds
Domain Reload Profiling:
	ReloadAssembly (1860ms)
		BeginReloadAssembly (178ms)
			ExecutionOrderSort (0ms)
			DisableScriptedObjects (9ms)
			BackupInstance (0ms)
			ReleaseScriptingObjects (1ms)
			CreateAndSetChildDomain (63ms)
		EndReloadAssembly (1562ms)
			LoadAssemblies (148ms)
			RebuildTransferFunctionScriptingTraits (0ms)
			SetupTypeCache (347ms)
			ReleaseScriptCaches (3ms)
			RebuildScriptCaches (57ms)
			SetupLoadedEditorAssemblies (671ms)
				LogAssemblyErrors (0ms)
				InitializePlatformSupportModulesInManaged (25ms)
				SetLoadedEditorAssemblies (1ms)
				RefreshPlugins (1ms)
				BeforeProcessingInitializeOnLoad (97ms)
				ProcessInitializeOnLoadAttributes (436ms)
				ProcessInitializeOnLoadMethodAttributes (108ms)
				AfterProcessingInitializeOnLoad (3ms)
				EditorAssembliesLoaded (0ms)
			ExecutionOrderSort2 (0ms)
			AwakeInstancesAfterBackupRestoration (94ms)
Platform modules already initialized, skipping
Refreshing native plugins compatible for Editor in 3.69 ms, found 3 plugins.
Preloading 0 native plugins for Editor in 0.00 ms.
Unloading 4888 Unused Serialized files (Serialized files now loaded: 0)
Unloading 26 unused Assets / (0.7 MB). Loaded Objects now: 5467.
Memory consumption went from 187.4 MB to 186.7 MB.
Total: 78.103500 ms (FindLiveObjects: 0.673900 ms CreateObjectMapping: 0.479800 ms MarkObjects: 76.483400 ms  DeleteObjects: 0.464600 ms)

AssetImportParameters requested are different than current active one (requested -> active):
  custom:video-decoder-ogg-theora: a1e56fd34408186e4bbccfd4996cb3dc -> 
  custom:container-muxer-webm: aa71ff27fc2769a1b78a27578f13a17b -> 
  custom:container-demuxer-webm: 4f35f7cbe854078d1ac9338744f61a02 -> 
  custom:video-encoder-webm-vp8: eb34c28f22e8b96e1ab97ce403110664 -> 
  custom:audio-encoder-webm-vorbis: bf7c407c2cedff20999df2af8eb42d56 -> 
  custom:framework-win-MediaFoundation: 216162199b28c13a410421893ffa2e32 -> 
  custom:container-demuxer-ogg: 62fdf1f143b41e24485cea50d1cbac27 -> 
  custom:video-decoder-webm-vp8: 9c59270c3fd7afecdb556c50c9e8de78 -> 
  custom:audio-decoder-ogg-vorbis: bf7c407c2cedff20999df2af8eb42d56 -> 
========================================================================
Received Import Request.
  Time since last request: 574.146837 seconds.
  path: Assets/Sprites
  artifactKey: Guid(f4ec420863e97cd45840a0b8e6feb831) Importer(815301076,1909f56bfc062723c751e8b465ee728b)
Start importing Assets/Sprites using Guid(f4ec420863e97cd45840a0b8e6feb831) Importer(815301076,1909f56bfc062723c751e8b465ee728b)  -> (artifact id: '1d66d083c01b5d6e893aa6a66ae63435') in 0.021846 seconds 
========================================================================
Received Prepare
Registering precompiled user dll's ...
Registered in 0.005505 seconds.
Begin MonoManager ReloadAssembly
Symbol file LoadedFromMemory doesn't match image D:\Unity\Color_Mixer\Color Mixer\Library\PackageCache\com.unity.visualscripting@1.7.6\Editor\VisualScripting.Core\Dependencies\YamlDotNet\Unity.VisualScripting.YamlDotNet.dll
Symbol file LoadedFromMemory doesn't match image D:\Unity\Color_Mixer\Color Mixer\Library\PackageCache\com.unity.visualscripting@1.7.6\Editor\VisualScripting.Core\Dependencies\DotNetZip\Unity.VisualScripting.IonicZip.dll
Native extension for UWP target not found
Native extension for WindowsStandalone target not found
Native extension for Android target not found
Refreshing native plugins compatible for Editor in 1.68 ms, found 3 plugins.
Preloading 0 native plugins for Editor in 0.00 ms.
Mono: successfully reloaded assembly
- Completed reload, in 17.735 seconds
Domain Reload Profiling:
	ReloadAssembly (17736ms)
		BeginReloadAssembly (7280ms)
			ExecutionOrderSort (0ms)
			DisableScriptedObjects (8ms)
			BackupInstance (0ms)
			ReleaseScriptingObjects (0ms)
			CreateAndSetChildDomain (133ms)
		EndReloadAssembly (9561ms)
			LoadAssemblies (13662ms)
			RebuildTransferFunctionScriptingTraits (0ms)
			SetupTypeCache (672ms)
			ReleaseScriptCaches (2ms)
			RebuildScriptCaches (78ms)
			SetupLoadedEditorAssemblies (1511ms)
				LogAssemblyErrors (0ms)
				InitializePlatformSupportModulesInManaged (64ms)
				SetLoadedEditorAssemblies (1ms)
				RefreshPlugins (2ms)
				BeforeProcessingInitializeOnLoad (96ms)
				ProcessInitializeOnLoadAttributes (772ms)
				ProcessInitializeOnLoadMethodAttributes (573ms)
				AfterProcessingInitializeOnLoad (4ms)
				EditorAssembliesLoaded (0ms)
			ExecutionOrderSort2 (0ms)
			AwakeInstancesAfterBackupRestoration (21ms)
Platform modules already initialized, skipping
Refreshing native plugins compatible for Editor in 193.58 ms, found 3 plugins.
Preloading 0 native plugins for Editor in 0.00 ms.
Unloading 4934 Unused Serialized files (Serialized files now loaded: 0)
Unloading 30 unused Assets / (1.3 MB). Loaded Objects now: 5512.
Memory consumption went from 191.0 MB to 189.7 MB.
Total: 24.522000 ms (FindLiveObjects: 0.516700 ms CreateObjectMapping: 0.528400 ms MarkObjects: 22.763100 ms  DeleteObjects: 0.711400 ms)

AssetImportParameters requested are different than current active one (requested -> active):
  custom:video-decoder-ogg-theora: a1e56fd34408186e4bbccfd4996cb3dc -> 
  custom:container-muxer-webm: aa71ff27fc2769a1b78a27578f13a17b -> 
  custom:container-demuxer-webm: 4f35f7cbe854078d1ac9338744f61a02 -> 
  custom:video-encoder-webm-vp8: eb34c28f22e8b96e1ab97ce403110664 -> 
  custom:audio-encoder-webm-vorbis: bf7c407c2cedff20999df2af8eb42d56 -> 
  custom:framework-win-MediaFoundation: 216162199b28c13a410421893ffa2e32 -> 
  custom:container-demuxer-ogg: 62fdf1f143b41e24485cea50d1cbac27 -> 
  custom:video-decoder-webm-vp8: 9c59270c3fd7afecdb556c50c9e8de78 -> 
  custom:audio-decoder-ogg-vorbis: bf7c407c2cedff20999df2af8eb42d56 -> 
========================================================================
Received Import Request.
  Time since last request: 823.913207 seconds.
  path: Assets/HitBerry/Models/SM_Prop_Figure_Cowgirl_01.fbx
  artifactKey: Guid(3db82dbdb88d26f4eb4ba9596f4ec279) Importer(815301076,1909f56bfc062723c751e8b465ee728b)
Start importing Assets/HitBerry/Models/SM_Prop_Figure_Cowgirl_01.fbx using Guid(3db82dbdb88d26f4eb4ba9596f4ec279) Importer(815301076,1909f56bfc062723c751e8b465ee728b)  -> (artifact id: '045cbede358114054f3ff913936c1e48') in 7.720852 seconds 
========================================================================
Received Import Request.
  Time since last request: 0.000031 seconds.
  path: Assets/HitBerry/Models/SM_Prop_Cup_Lid_01_Convex.asset
  artifactKey: Guid(401753b9d6b287d4c8eedc8d140a47af) Importer(815301076,1909f56bfc062723c751e8b465ee728b)
Start importing Assets/HitBerry/Models/SM_Prop_Cup_Lid_01_Convex.asset using Guid(401753b9d6b287d4c8eedc8d140a47af) Importer(815301076,1909f56bfc062723c751e8b465ee728b)  -> (artifact id: '14f7caaedc201093fe25a1f7e04f2d40') in 0.171149 seconds 
========================================================================
Received Import Request.
  Time since last request: 0.000038 seconds.
  path: Assets/HitBerry/Models/SM_Prop_Figure_Knight_01.fbx
  artifactKey: Guid(560d310f50c23aa4aa24468bc61d37ed) Importer(815301076,1909f56bfc062723c751e8b465ee728b)
Start importing Assets/HitBerry/Models/SM_Prop_Figure_Knight_01.fbx using Guid(560d310f50c23aa4aa24468bc61d37ed) Importer(815301076,1909f56bfc062723c751e8b465ee728b)  -> (artifact id: '5639788390c48ca95b74bc8d05495489') in 0.242571 seconds 
========================================================================
Received Import Request.
  Time since last request: 0.000030 seconds.
  path: Assets/HitBerry/Models/SM_Prop_Computer_Monitor_Curved_01_Convex.asset
  artifactKey: Guid(902f3e6c00c848c44a04cc18c3761aa4) Importer(815301076,1909f56bfc062723c751e8b465ee728b)
Start importing Assets/HitBerry/Models/SM_Prop_Computer_Monitor_Curved_01_Convex.asset using Guid(902f3e6c00c848c44a04cc18c3761aa4) Importer(815301076,1909f56bfc062723c751e8b465ee728b)  -> (artifact id: '5cc91d5da91a8b4e4357cffd1031f660') in 0.174787 seconds 
========================================================================
Received Import Request.
  Time since last request: 0.000038 seconds.
  path: Assets/HitBerry/Models/SM_Prop_CoffeeMachine_Dripper_01_Pot_01_Convex.asset
  artifactKey: Guid(4a67195202dd2a841a4cd57cfd7072db) Importer(815301076,1909f56bfc062723c751e8b465ee728b)
Start importing Assets/HitBerry/Models/SM_Prop_CoffeeMachine_Dripper_01_Pot_01_Convex.asset using Guid(4a67195202dd2a841a4cd57cfd7072db) Importer(815301076,1909f56bfc062723c751e8b465ee728b)  -> (artifact id: 'e9deb257b3e0f84e2cef23b7706cc806') in 0.156032 seconds 
========================================================================
Received Import Request.
  Time since last request: 0.000041 seconds.
  path: Assets/HitBerry/Models/SM_Prop_DeskLamp_07.fbx
  artifactKey: Guid(0b924b575111e1441bbc88279a4ec63b) Importer(815301076,1909f56bfc062723c751e8b465ee728b)
Start importing Assets/HitBerry/Models/SM_Prop_DeskLamp_07.fbx using Guid(0b924b575111e1441bbc88279a4ec63b) Importer(815301076,1909f56bfc062723c751e8b465ee728b)  -> (artifact id: '44c79a28556b65866dc49dab33df338c') in 1.654873 seconds 
========================================================================
Received Import Request.
  Time since last request: 0.000031 seconds.
  path: Assets/HitBerry/Models/SM_Prop_FloppyDisk_01_Convex.asset
  artifactKey: Guid(71c3cfe65a6068147962ef2b183a9c47) Importer(815301076,1909f56bfc062723c751e8b465ee728b)
Start importing Assets/HitBerry/Models/SM_Prop_FloppyDisk_01_Convex.asset using Guid(71c3cfe65a6068147962ef2b183a9c47) Importer(815301076,1909f56bfc062723c751e8b465ee728b)  -> (artifact id: 'd71c4d6b567b61e95d67a9f3770538b1') in 0.203243 seconds 
========================================================================
Received Import Request.
  Time since last request: 0.000037 seconds.
  path: Assets/HitBerry/Models/SM_Prop_Figure_Goblin_01_Convex.asset
  artifactKey: Guid(5aaaf18db451fe2458bfb583631cb075) Importer(815301076,1909f56bfc062723c751e8b465ee728b)
Start importing Assets/HitBerry/Models/SM_Prop_Figure_Goblin_01_Convex.asset using Guid(5aaaf18db451fe2458bfb583631cb075) Importer(815301076,1909f56bfc062723c751e8b465ee728b)  -> (artifact id: '4f6a71fd8c1b883078bb3fb31c43a048') in 0.091117 seconds 
========================================================================
Received Import Request.
  Time since last request: 0.000028 seconds.
  path: Assets/HitBerry/Models/SM_Prop_Fire_Detector_01_Convex.asset
  artifactKey: Guid(22249aaa3df6327408f71bb57f4eb6ad) Importer(815301076,1909f56bfc062723c751e8b465ee728b)
Start importing Assets/HitBerry/Models/SM_Prop_Fire_Detector_01_Convex.asset using Guid(22249aaa3df6327408f71bb57f4eb6ad) Importer(815301076,1909f56bfc062723c751e8b465ee728b)  -> (artifact id: '1bbadaf12267cf6ef423299a44e68d89') in 0.193414 seconds 
========================================================================
Received Import Request.
  Time since last request: 0.000031 seconds.
  path: Assets/HitBerry/Models/SM_Prop_FloppyDisk_01.fbx
  artifactKey: Guid(c662ee8b1e85ffd45ba2f7c8fcbc98c4) Importer(815301076,1909f56bfc062723c751e8b465ee728b)
Start importing Assets/HitBerry/Models/SM_Prop_FloppyDisk_01.fbx using Guid(c662ee8b1e85ffd45ba2f7c8fcbc98c4) Importer(815301076,1909f56bfc062723c751e8b465ee728b)  -> (artifact id: '7627eea0ee34a6eb2a2998b36ce79265') in 0.206446 seconds 
========================================================================
Received Import Request.
  Time since last request: 0.000049 seconds.
  path: Assets/HitBerry/Models/SM_Prop_Cup_01.fbx
  artifactKey: Guid(5f265047f66e12f47938bf220e07a0ce) Importer(815301076,1909f56bfc062723c751e8b465ee728b)
Start importing Assets/HitBerry/Models/SM_Prop_Cup_01.fbx using Guid(5f265047f66e12f47938bf220e07a0ce) Importer(815301076,1909f56bfc062723c751e8b465ee728b)  -> (artifact id: '8e6979c767fb408f5713ccc87ea4162d') in 0.023075 seconds 
========================================================================
Received Import Request.
  Time since last request: 0.000029 seconds.
  path: Assets/HitBerry/Models/SM_Prop_Container_01.fbx
  artifactKey: Guid(3d5bb47c59053a04aa46aaac79295588) Importer(815301076,1909f56bfc062723c751e8b465ee728b)
Start importing Assets/HitBerry/Models/SM_Prop_Container_01.fbx using Guid(3d5bb47c59053a04aa46aaac79295588) Importer(815301076,1909f56bfc062723c751e8b465ee728b)  -> (artifact id: '1467d6480dd1fb0106ca981b92879d73') in 0.044117 seconds 
========================================================================
Received Import Request.
  Time since last request: 0.000028 seconds.
  path: Assets/HitBerry/Models/SM_Prop_Fire_Extinguisher_01.fbx
  artifactKey: Guid(208fd6fc2890a664490b983efbe3cd30) Importer(815301076,1909f56bfc062723c751e8b465ee728b)
Start importing Assets/HitBerry/Models/SM_Prop_Fire_Extinguisher_01.fbx using Guid(208fd6fc2890a664490b983efbe3cd30) Importer(815301076,1909f56bfc062723c751e8b465ee728b)  -> (artifact id: '3587365c8f7848f6ca4fd2e4fee0883c') in 0.371927 seconds 
========================================================================
Received Import Request.
  Time since last request: 0.000040 seconds.
  path: Assets/HitBerry/Models/SM_Prop_Figure_Viking_01.fbx
  artifactKey: Guid(6e585f25044d9fe49b185b7566fe6945) Importer(815301076,1909f56bfc062723c751e8b465ee728b)
Start importing Assets/HitBerry/Models/SM_Prop_Figure_Viking_01.fbx using Guid(6e585f25044d9fe49b185b7566fe6945) Importer(815301076,1909f56bfc062723c751e8b465ee728b)  -> (artifact id: 'a4e4cb3c2674cbeecdca4774a07796cf') in 0.145943 seconds 
========================================================================
Received Import Request.
  Time since last request: 0.000036 seconds.
  path: Assets/HitBerry/Models/SM_Prop_Figure_Cowgirl_01_Convex.asset
  artifactKey: Guid(597a11babf3ab42479a3e4d72b87155d) Importer(815301076,1909f56bfc062723c751e8b465ee728b)
Start importing Assets/HitBerry/Models/SM_Prop_Figure_Cowgirl_01_Convex.asset using Guid(597a11babf3ab42479a3e4d72b87155d) Importer(815301076,1909f56bfc062723c751e8b465ee728b)  -> (artifact id: 'cd881e90a8602e9df6bebc19fb0c37ec') in 0.111988 seconds 
========================================================================
Received Import Request.
  Time since last request: 0.000025 seconds.
  path: Assets/HitBerry/Models/SM_Prop_Employee_Wall_01.fbx
  artifactKey: Guid(cf6d8cdbe8537eb43aa97acb55650f7c) Importer(815301076,1909f56bfc062723c751e8b465ee728b)
Start importing Assets/HitBerry/Models/SM_Prop_Employee_Wall_01.fbx using Guid(cf6d8cdbe8537eb43aa97acb55650f7c) Importer(815301076,1909f56bfc062723c751e8b465ee728b)  -> (artifact id: 'cca60834fe079477b4784fdbdf949b21') in 0.024703 seconds 
========================================================================
Received Import Request.
  Time since last request: 0.000026 seconds.
  path: Assets/HitBerry/Models/SM_Prop_FireAlarm_Switch_01.fbx
  artifactKey: Guid(d4bdfcaced7a1e746ab2d0db0404392f) Importer(815301076,1909f56bfc062723c751e8b465ee728b)
Start importing Assets/HitBerry/Models/SM_Prop_FireAlarm_Switch_01.fbx using Guid(d4bdfcaced7a1e746ab2d0db0404392f) Importer(815301076,1909f56bfc062723c751e8b465ee728b)  -> (artifact id: '888be1deeb28f3a8bbe0337448f7abc3') in 0.303215 seconds 
========================================================================
Received Import Request.
  Time since last request: 0.000031 seconds.
  path: Assets/HitBerry/Models/SM_Prop_Figure_Goblin_01.fbx
  artifactKey: Guid(04d7599deb9596d418ffb4c685371306) Importer(815301076,1909f56bfc062723c751e8b465ee728b)
Start importing Assets/HitBerry/Models/SM_Prop_Figure_Goblin_01.fbx using Guid(04d7599deb9596d418ffb4c685371306) Importer(815301076,1909f56bfc062723c751e8b465ee728b)  -> (artifact id: '27a8b46612930cd23d93f6d97b7ccfeb') in 0.549528 seconds 
========================================================================
Received Import Request.
  Time since last request: 0.000050 seconds.
  path: Assets/HitBerry/Models/SM_Prop_DeskLamp_07_Convex.asset
  artifactKey: Guid(7d8388ca5d08913449837c88feb61e98) Importer(815301076,1909f56bfc062723c751e8b465ee728b)
Start importing Assets/HitBerry/Models/SM_Prop_DeskLamp_07_Convex.asset using Guid(7d8388ca5d08913449837c88feb61e98) Importer(815301076,1909f56bfc062723c751e8b465ee728b)  -> (artifact id: 'bd95f7f06b01116fb13c96fc91d9798b') in 0.094488 seconds 
========================================================================
Received Import Request.
  Time since last request: 0.004673 seconds.
  path: Assets/HitBerry/Models/SM_Prop_Cup_Styrofoam_01_Convex.asset
  artifactKey: Guid(d604ce4b9c6c4ca408f4d8f8e29c4f37) Importer(815301076,1909f56bfc062723c751e8b465ee728b)
Start importing Assets/HitBerry/Models/SM_Prop_Cup_Styrofoam_01_Convex.asset using Guid(d604ce4b9c6c4ca408f4d8f8e29c4f37) Importer(815301076,1909f56bfc062723c751e8b465ee728b)  -> (artifact id: '0add34aa875d216c4617ea3cfcb05611') in 0.120381 seconds 
========================================================================
Received Import Request.
  Time since last request: 0.032606 seconds.
  path: Assets/HitBerry/Models/SM_Prop_Fire_Extinguisher_01_Convex.asset
  artifactKey: Guid(264d9e2726c2c884cab052c4c684d3dd) Importer(815301076,1909f56bfc062723c751e8b465ee728b)
Start importing Assets/HitBerry/Models/SM_Prop_Fire_Extinguisher_01_Convex.asset using Guid(264d9e2726c2c884cab052c4c684d3dd) Importer(815301076,1909f56bfc062723c751e8b465ee728b)  -> (artifact id: '3324d5d20c944d23825ee0fdab0bd692') in 0.110232 seconds 
========================================================================
Received Import Request.
  Time since last request: 0.000051 seconds.
  path: Assets/HitBerry/Models/SM_Prop_Figure_Knight_01_Convex.asset
  artifactKey: Guid(9cf52c9158ddb2e4eb7f12133d857770) Importer(815301076,1909f56bfc062723c751e8b465ee728b)
Start importing Assets/HitBerry/Models/SM_Prop_Figure_Knight_01_Convex.asset using Guid(9cf52c9158ddb2e4eb7f12133d857770) Importer(815301076,1909f56bfc062723c751e8b465ee728b)  -> (artifact id: 'ae75dd0fa5b0584ffde4c846795e0d6d') in 0.103236 seconds 
========================================================================
Received Import Request.
  Time since last request: 0.000032 seconds.
  path: Assets/HitBerry/Models/SM_Prop_Employee_Wall_01_Convex.asset
  artifactKey: Guid(66b04aca16cc0df4e99c390b73ccaccc) Importer(815301076,1909f56bfc062723c751e8b465ee728b)
Start importing Assets/HitBerry/Models/SM_Prop_Employee_Wall_01_Convex.asset using Guid(66b04aca16cc0df4e99c390b73ccaccc) Importer(815301076,1909f56bfc062723c751e8b465ee728b)  -> (artifact id: '4a122755e552bd71b1b168ee85d6998d') in 0.060186 seconds 
========================================================================
Received Import Request.
  Time since last request: 0.000053 seconds.
  path: Assets/HitBerry/Models/SM_Prop_Cup_Lid_01.fbx
  artifactKey: Guid(728e66c936e02eb46999cca5a3d0a505) Importer(815301076,1909f56bfc062723c751e8b465ee728b)
Start importing Assets/HitBerry/Models/SM_Prop_Cup_Lid_01.fbx using Guid(728e66c936e02eb46999cca5a3d0a505) Importer(815301076,1909f56bfc062723c751e8b465ee728b)  -> (artifact id: '2120e871e70458857327812ac1b69dda') in 0.128996 seconds 
========================================================================
Received Import Request.
  Time since last request: 0.000034 seconds.
  path: Assets/HitBerry/Models/SM_Prop_Cup_01_Convex.asset
  artifactKey: Guid(b918796be667111478f397865decac3b) Importer(815301076,1909f56bfc062723c751e8b465ee728b)
Start importing Assets/HitBerry/Models/SM_Prop_Cup_01_Convex.asset using Guid(b918796be667111478f397865decac3b) Importer(815301076,1909f56bfc062723c751e8b465ee728b)  -> (artifact id: 'f33d10ce5f1cbe388f6fc9cadc019ba9') in 0.048344 seconds 
========================================================================
Received Import Request.
  Time since last request: 0.000043 seconds.
  path: Assets/HitBerry/Models/SM_Prop_FireAlarm_Switch_01_Convex.asset
  artifactKey: Guid(e1d41e3656680b54a956f1bd21282304) Importer(815301076,1909f56bfc062723c751e8b465ee728b)
Start importing Assets/HitBerry/Models/SM_Prop_FireAlarm_Switch_01_Convex.asset using Guid(e1d41e3656680b54a956f1bd21282304) Importer(815301076,1909f56bfc062723c751e8b465ee728b)  -> (artifact id: '3cf0f42429b746b7cb4762d801f3068f') in 0.207574 seconds 
========================================================================
Received Import Request.
  Time since last request: 0.000033 seconds.
  path: Assets/HitBerry/Models/SM_Prop_Figure_Viking_01_Convex.asset
  artifactKey: Guid(a5403000872a1ea40a693a5b6e6f56ed) Importer(815301076,1909f56bfc062723c751e8b465ee728b)
Start importing Assets/HitBerry/Models/SM_Prop_Figure_Viking_01_Convex.asset using Guid(a5403000872a1ea40a693a5b6e6f56ed) Importer(815301076,1909f56bfc062723c751e8b465ee728b)  -> (artifact id: '3b3b03cf65de5083aa2f3252a4eb118c') in 0.122500 seconds 
========================================================================
Received Import Request.
  Time since last request: 0.000038 seconds.
  path: Assets/HitBerry/Models/SM_Prop_Fire_Detector_01.fbx
  artifactKey: Guid(394945c4689782042b8593dfe65debc6) Importer(815301076,1909f56bfc062723c751e8b465ee728b)
Start importing Assets/HitBerry/Models/SM_Prop_Fire_Detector_01.fbx using Guid(394945c4689782042b8593dfe65debc6) Importer(815301076,1909f56bfc062723c751e8b465ee728b)  -> (artifact id: '26758776f04085518acb32818f80244e') in 0.132461 seconds 
========================================================================
Received Import Request.
  Time since last request: 0.000051 seconds.
  path: Assets/HitBerry/Models/SM_Prop_Cup_Styrofoam_01.fbx
  artifactKey: Guid(13f6792476d010f4694ef067474388dd) Importer(815301076,1909f56bfc062723c751e8b465ee728b)
Start importing Assets/HitBerry/Models/SM_Prop_Cup_Styrofoam_01.fbx using Guid(13f6792476d010f4694ef067474388dd) Importer(815301076,1909f56bfc062723c751e8b465ee728b)  -> (artifact id: '959aec82349ac6245adeda4626c412ae') in 0.135353 seconds 
========================================================================
Received Import Request.
  Time since last request: 0.000030 seconds.
  path: Assets/HitBerry/Models/SM_Prop_Container_01_Convex.asset
  artifactKey: Guid(d2b6c6ff50c5d4946bb3d016e9025afd) Importer(815301076,1909f56bfc062723c751e8b465ee728b)
Start importing Assets/HitBerry/Models/SM_Prop_Container_01_Convex.asset using Guid(d2b6c6ff50c5d4946bb3d016e9025afd) Importer(815301076,1909f56bfc062723c751e8b465ee728b)  -> (artifact id: 'dbb15d872babcddaafb37691a91a380c') in 0.094268 seconds 
========================================================================
Received Import Request.
  Time since last request: 0.000062 seconds.
  path: Assets/HitBerry/Models/SM_Prop_Donut_Box_01.fbx
  artifactKey: Guid(54cda2af79e08074fa9470e3153d682b) Importer(815301076,1909f56bfc062723c751e8b465ee728b)
Start importing Assets/HitBerry/Models/SM_Prop_Donut_Box_01.fbx using Guid(54cda2af79e08074fa9470e3153d682b) Importer(815301076,1909f56bfc062723c751e8b465ee728b)  -> (artifact id: '36869015b9a7bd933710c037b2075882') in 0.175380 seconds 
========================================================================
Received Import Request.
  Time since last request: 0.000026 seconds.
  path: Assets/HitBerry/Models/SM_Prop_Computer_Monitor_Curved_01.fbx
  artifactKey: Guid(7d2e1846d284414468cfed94fd73bc47) Importer(815301076,1909f56bfc062723c751e8b465ee728b)
Start importing Assets/HitBerry/Models/SM_Prop_Computer_Monitor_Curved_01.fbx using Guid(7d2e1846d284414468cfed94fd73bc47) Importer(815301076,1909f56bfc062723c751e8b465ee728b)  -> (artifact id: 'a4d58e40ad7784d6227e31181afc1541') in 0.178474 seconds 
========================================================================
Received Import Request.
  Time since last request: 0.000027 seconds.
  path: Assets/HitBerry/Models/SM_Prop_Donut_Box_01_Convex.asset
  artifactKey: Guid(6c1617b0a6df4dd42840becce3b6186e) Importer(815301076,1909f56bfc062723c751e8b465ee728b)
Start importing Assets/HitBerry/Models/SM_Prop_Donut_Box_01_Convex.asset using Guid(6c1617b0a6df4dd42840becce3b6186e) Importer(815301076,1909f56bfc062723c751e8b465ee728b)  -> (artifact id: '39bc6db31e4d4595cfa81b0d4b85a0a6') in 0.050776 seconds 
========================================================================
Received Import Request.
  Time since last request: 956.197110 seconds.
  path: Assets/HitBerry/Models/SM_Prop_CoffeeMachine_Dripper_01_Pot_01.fbx
  artifactKey: Guid(90bde1da437b3074990ac14370f58e5b) Importer(815301076,1909f56bfc062723c751e8b465ee728b)
Start importing Assets/HitBerry/Models/SM_Prop_CoffeeMachine_Dripper_01_Pot_01.fbx using Guid(90bde1da437b3074990ac14370f58e5b) Importer(815301076,1909f56bfc062723c751e8b465ee728b)  -> (artifact id: '314712c7da155266cd39615b7686e7dc') in 2.332363 seconds 
========================================================================
Received Import Request.
  Time since last request: 0.000043 seconds.
  path: Assets/HitBerry/Models/SM_Prop_CoffeeMachine_01.fbx
  artifactKey: Guid(59b6870b4b203d64d89bcb10cb35b4b8) Importer(815301076,1909f56bfc062723c751e8b465ee728b)
Start importing Assets/HitBerry/Models/SM_Prop_CoffeeMachine_01.fbx using Guid(59b6870b4b203d64d89bcb10cb35b4b8) Importer(815301076,1909f56bfc062723c751e8b465ee728b)  -> (artifact id: '7d9f7e8428d5b5712d23439445824c95') in 0.467351 seconds 
========================================================================
Received Import Request.
  Time since last request: 0.000042 seconds.
  path: Assets/HitBerry/Models/SM_Prop_ChoppingBoard_02.fbx
  artifactKey: Guid(b59c4c4beaa79264da0bda5d96af3f95) Importer(815301076,1909f56bfc062723c751e8b465ee728b)
Start importing Assets/HitBerry/Models/SM_Prop_ChoppingBoard_02.fbx using Guid(b59c4c4beaa79264da0bda5d96af3f95) Importer(815301076,1909f56bfc062723c751e8b465ee728b)  -> (artifact id: 'dd40b06e67db9432c96586639f0e5f30') in 0.445812 seconds 
========================================================================
Received Import Request.
  Time since last request: 0.000092 seconds.
  path: Assets/HitBerry/Models/SM_Prop_Child_Art_01_Convex.asset
  artifactKey: Guid(99d474936ebe1ef4fbcd6bdad1951d5c) Importer(815301076,1909f56bfc062723c751e8b465ee728b)
Start importing Assets/HitBerry/Models/SM_Prop_Child_Art_01_Convex.asset using Guid(99d474936ebe1ef4fbcd6bdad1951d5c) Importer(815301076,1909f56bfc062723c751e8b465ee728b)  -> (artifact id: 'c76796fe99c84f52313ddc2cd1241844') in 0.184739 seconds 
========================================================================
Received Import Request.
  Time since last request: 0.000055 seconds.
  path: Assets/HitBerry/Models/SM_Prop_Chair_11.fbx
  artifactKey: Guid(a045653543d8ea346952aa9af49ec21c) Importer(815301076,1909f56bfc062723c751e8b465ee728b)
Start importing Assets/HitBerry/Models/SM_Prop_Chair_11.fbx using Guid(a045653543d8ea346952aa9af49ec21c) Importer(815301076,1909f56bfc062723c751e8b465ee728b)  -> (artifact id: '337a2e419f56e21d548639c8aa8462ee') in 0.315787 seconds 
========================================================================
Received Import Request.
  Time since last request: 0.000034 seconds.
  path: Assets/HitBerry/Models/SM_Prop_Clock_01_Convex.asset
  artifactKey: Guid(11167c2f4aa840945bacf7a8894f2b5f) Importer(815301076,1909f56bfc062723c751e8b465ee728b)
Start importing Assets/HitBerry/Models/SM_Prop_Clock_01_Convex.asset using Guid(11167c2f4aa840945bacf7a8894f2b5f) Importer(815301076,1909f56bfc062723c751e8b465ee728b)  -> (artifact id: '0f83d6d5272fd4e473bbc8ad0cdc4a0b') in 0.072078 seconds 
========================================================================
Received Import Request.
  Time since last request: 0.000048 seconds.
  path: Assets/HitBerry/Models/SM_Prop_CoffeeMachine_01_Convex.asset
  artifactKey: Guid(7d0f3c05d45f3464180b326e003c32cc) Importer(815301076,1909f56bfc062723c751e8b465ee728b)
Start importing Assets/HitBerry/Models/SM_Prop_CoffeeMachine_01_Convex.asset using Guid(7d0f3c05d45f3464180b326e003c32cc) Importer(815301076,1909f56bfc062723c751e8b465ee728b)  -> (artifact id: '770fdb0bc3360a6c1e6e60ec6d4c56b3') in 0.107112 seconds 
========================================================================
Received Import Request.
  Time since last request: 0.000035 seconds.
  path: Assets/HitBerry/Models/SM_Prop_Chair_11_Convex.asset
  artifactKey: Guid(19fc9e196759abd419c742b314ffabd1) Importer(815301076,1909f56bfc062723c751e8b465ee728b)
Start importing Assets/HitBerry/Models/SM_Prop_Chair_11_Convex.asset using Guid(19fc9e196759abd419c742b314ffabd1) Importer(815301076,1909f56bfc062723c751e8b465ee728b)  -> (artifact id: 'b4a9dfaea53cf5cc18ae320f4d1d7e76') in 0.081650 seconds 
========================================================================
Received Import Request.
  Time since last request: 0.000044 seconds.
  path: Assets/HitBerry/Models/SM_Prop_CoffeeMachine_Dripper_01.fbx
  artifactKey: Guid(6d2f4e4f66c9d954aad36904a2a5c1d9) Importer(815301076,1909f56bfc062723c751e8b465ee728b)
Start importing Assets/HitBerry/Models/SM_Prop_CoffeeMachine_Dripper_01.fbx using Guid(6d2f4e4f66c9d954aad36904a2a5c1d9) Importer(815301076,1909f56bfc062723c751e8b465ee728b)  -> (artifact id: '4ff654b76e8a2c26cfcaa7f71e5a2db3') in 0.256477 seconds 
========================================================================
Received Import Request.
  Time since last request: 0.000036 seconds.
  path: Assets/HitBerry/Models/SM_Prop_ChoppingBoard_02_Convex.asset
  artifactKey: Guid(3bbec77cb08d40549829628e1503e452) Importer(815301076,1909f56bfc062723c751e8b465ee728b)
Start importing Assets/HitBerry/Models/SM_Prop_ChoppingBoard_02_Convex.asset using Guid(3bbec77cb08d40549829628e1503e452) Importer(815301076,1909f56bfc062723c751e8b465ee728b)  -> (artifact id: '7ccf2f26a2e170d19c4db5014590989a') in 0.145214 seconds 
========================================================================
Received Import Request.
  Time since last request: 0.000046 seconds.
  path: Assets/HitBerry/Models/SM_Prop_Clock_01.fbx
  artifactKey: Guid(81dae1e0dce93cd47a0455dfd68b2dd8) Importer(815301076,1909f56bfc062723c751e8b465ee728b)
Start importing Assets/HitBerry/Models/SM_Prop_Clock_01.fbx using Guid(81dae1e0dce93cd47a0455dfd68b2dd8) Importer(815301076,1909f56bfc062723c751e8b465ee728b)  -> (artifact id: '1934834c0c7509fbdc46f768e0207d90') in 0.186044 seconds 
========================================================================
Received Import Request.
  Time since last request: 0.000028 seconds.
  path: Assets/HitBerry/Models/SM_Prop_CoffeeMachine_Dripper_01_Convex.asset
  artifactKey: Guid(fece99f5cfc9b6b4e8251f00d4226fcd) Importer(815301076,1909f56bfc062723c751e8b465ee728b)
Start importing Assets/HitBerry/Models/SM_Prop_CoffeeMachine_Dripper_01_Convex.asset using Guid(fece99f5cfc9b6b4e8251f00d4226fcd) Importer(815301076,1909f56bfc062723c751e8b465ee728b)  -> (artifact id: '96a43087ced83ff6de49c0a8fe277b01') in 0.099544 seconds 
========================================================================
Received Import Request.
  Time since last request: 0.000031 seconds.
  path: Assets/HitBerry/Models/SM_Prop_Child_Art_01.fbx
  artifactKey: Guid(4d545160677a68540a5a8595d26b68d0) Importer(815301076,1909f56bfc062723c751e8b465ee728b)
Start importing Assets/HitBerry/Models/SM_Prop_Child_Art_01.fbx using Guid(4d545160677a68540a5a8595d26b68d0) Importer(815301076,1909f56bfc062723c751e8b465ee728b)  -> (artifact id: '68d6fe3bed8395db2f851162e2f43fe7') in 0.149192 seconds 
========================================================================
Received Import Request.
  Time since last request: 2.084918 seconds.
  path: Assets/HitBerry/Models/SM_Prop_Card_Scanner_01_Convex.asset
  artifactKey: Guid(718f7bca18ac2cd4ea50f1de7e105fcb) Importer(815301076,1909f56bfc062723c751e8b465ee728b)
Start importing Assets/HitBerry/Models/SM_Prop_Card_Scanner_01_Convex.asset using Guid(718f7bca18ac2cd4ea50f1de7e105fcb) Importer(815301076,1909f56bfc062723c751e8b465ee728b)  -> (artifact id: '265c1b0eaedbac13f5bb54feef055b29') in 0.042381 seconds 
========================================================================
Received Import Request.
  Time since last request: 0.000043 seconds.
  path: Assets/HitBerry/Models/SM_Prop_Card_Scanner_01.fbx
  artifactKey: Guid(4c4fb4576c1cdb2479365d5ae9b932a2) Importer(815301076,1909f56bfc062723c751e8b465ee728b)
Start importing Assets/HitBerry/Models/SM_Prop_Card_Scanner_01.fbx using Guid(4c4fb4576c1cdb2479365d5ae9b932a2) Importer(815301076,1909f56bfc062723c751e8b465ee728b)  -> (artifact id: '0a1f3f9a90909aaf134e466364e6842b') in 0.318048 seconds 
========================================================================
Received Import Request.
  Time since last request: 0.000036 seconds.
  path: Assets/HitBerry/Models/SM_Prop_Cake_01_Convex.asset
  artifactKey: Guid(44ce6afcdd4f6bc4697d53137e2102ac) Importer(815301076,1909f56bfc062723c751e8b465ee728b)
Start importing Assets/HitBerry/Models/SM_Prop_Cake_01_Convex.asset using Guid(44ce6afcdd4f6bc4697d53137e2102ac) Importer(815301076,1909f56bfc062723c751e8b465ee728b)  -> (artifact id: 'da2548ae9c1c1da4a4ce0da43fcebaa3') in 0.134546 seconds 
========================================================================
Received Import Request.
  Time since last request: 0.000045 seconds.
  path: Assets/HitBerry/Models/SM_Prop_Cake_01.fbx
  artifactKey: Guid(cf8d25cba1e295647add48edbbfcac5c) Importer(815301076,1909f56bfc062723c751e8b465ee728b)
Start importing Assets/HitBerry/Models/SM_Prop_Cake_01.fbx using Guid(cf8d25cba1e295647add48edbbfcac5c) Importer(815301076,1909f56bfc062723c751e8b465ee728b)  -> (artifact id: '637cf8e65c735250125e086ff5b78801') in 0.652939 seconds 
========================================================================
Received Import Request.
  Time since last request: 0.000038 seconds.
  path: Assets/HitBerry/Models/SM_Prop_Book_Magazine_01_Convex.asset
  artifactKey: Guid(e30432edeed48e64a8d45f41d03ee030) Importer(815301076,1909f56bfc062723c751e8b465ee728b)
Start importing Assets/HitBerry/Models/SM_Prop_Book_Magazine_01_Convex.asset using Guid(e30432edeed48e64a8d45f41d03ee030) Importer(815301076,1909f56bfc062723c751e8b465ee728b)  -> (artifact id: '61c9cc84de95b7928523906ca44c82bc') in 3.313284 seconds 
========================================================================
Received Import Request.
  Time since last request: 0.000033 seconds.
  path: Assets/HitBerry/Models/SM_Bld_Wall_Baseboard_Door_01.fbx
  artifactKey: Guid(f281bbb846d8e7c4aa4598e09b898eeb) Importer(815301076,1909f56bfc062723c751e8b465ee728b)
Start importing Assets/HitBerry/Models/SM_Bld_Wall_Baseboard_Door_01.fbx using Guid(f281bbb846d8e7c4aa4598e09b898eeb) Importer(815301076,1909f56bfc062723c751e8b465ee728b)  -> (artifact id: '5f224e874e4bc49120775f59cdec389b') in 1.801554 seconds 
========================================================================
Received Import Request.
  Time since last request: 0.000067 seconds.
  path: Assets/HitBerry/Models/SM_Prop_Book_Group_02.fbx
  artifactKey: Guid(8f4c7a529dd910543ba3710e2a0287e5) Importer(815301076,1909f56bfc062723c751e8b465ee728b)
Start importing Assets/HitBerry/Models/SM_Prop_Book_Group_02.fbx using Guid(8f4c7a529dd910543ba3710e2a0287e5) Importer(815301076,1909f56bfc062723c751e8b465ee728b)  -> (artifact id: 'bd25bedd0e0ac209f02e39e3835afc72') in 0.604513 seconds 
========================================================================
Received Import Request.
  Time since last request: 0.000038 seconds.
  path: Assets/HitBerry/Models/SM_Bld_Floor_Tiles_01.fbx
  artifactKey: Guid(7ca2a82b5b3d5c845bf06f73e685a09e) Importer(815301076,1909f56bfc062723c751e8b465ee728b)
Start importing Assets/HitBerry/Models/SM_Bld_Floor_Tiles_01.fbx using Guid(7ca2a82b5b3d5c845bf06f73e685a09e) Importer(815301076,1909f56bfc062723c751e8b465ee728b)  -> (artifact id: '7d2eabfe62316c78587f5e9a71b4e3d7') in 0.641104 seconds 
========================================================================
Received Import Request.
  Time since last request: 0.000033 seconds.
  path: Assets/HitBerry/Models/SM_Prop_Blender_01_Convex.asset
  artifactKey: Guid(b8dd9415aaacfab42a5c35a932e3a950) Importer(815301076,1909f56bfc062723c751e8b465ee728b)
Start importing Assets/HitBerry/Models/SM_Prop_Blender_01_Convex.asset using Guid(b8dd9415aaacfab42a5c35a932e3a950) Importer(815301076,1909f56bfc062723c751e8b465ee728b)  -> (artifact id: '6d88fbc2c03014b314dff22a4140914c') in 0.222392 seconds 
========================================================================
Received Import Request.
  Time since last request: 0.000038 seconds.
  path: Assets/HitBerry/Models/SM_Prop_Book_Group_02_Convex.asset
  artifactKey: Guid(786812251b699b346b9c9780e0cbca77) Importer(815301076,1909f56bfc062723c751e8b465ee728b)
Start importing Assets/HitBerry/Models/SM_Prop_Book_Group_02_Convex.asset using Guid(786812251b699b346b9c9780e0cbca77) Importer(815301076,1909f56bfc062723c751e8b465ee728b)  -> (artifact id: '7c4a052fbb8a16aded1bfbbf88cc3cf2') in 0.298479 seconds 
========================================================================
Received Import Request.
  Time since last request: 0.000040 seconds.
  path: Assets/HitBerry/Models/SM_Bld_Pillar_Interior_01.fbx
  artifactKey: Guid(04db1a242a8a1534880a96399700eaf9) Importer(815301076,1909f56bfc062723c751e8b465ee728b)
Start importing Assets/HitBerry/Models/SM_Bld_Pillar_Interior_01.fbx using Guid(04db1a242a8a1534880a96399700eaf9) Importer(815301076,1909f56bfc062723c751e8b465ee728b)  -> (artifact id: 'ecd4ba71c15cc3c63b46aed5fa9213ce') in 0.608403 seconds 
========================================================================
Received Import Request.
  Time since last request: 0.000039 seconds.
  path: Assets/HitBerry/Models/SM_Prop_Bin_02.fbx
  artifactKey: Guid(fb65711d3546ba747903bff0e41dbf48) Importer(815301076,1909f56bfc062723c751e8b465ee728b)
Start importing Assets/HitBerry/Models/SM_Prop_Bin_02.fbx using Guid(fb65711d3546ba747903bff0e41dbf48) Importer(815301076,1909f56bfc062723c751e8b465ee728b)  -> (artifact id: '5892274f3646e17bdb6df4a9f86673c4') in 0.440933 seconds 
========================================================================
Received Import Request.
  Time since last request: 0.000032 seconds.
  path: Assets/HitBerry/Models/SM_Prop_Book_Group_03_Convex.asset
  artifactKey: Guid(423b8da75744e284fa3417f419ff5a4d) Importer(815301076,1909f56bfc062723c751e8b465ee728b)
Start importing Assets/HitBerry/Models/SM_Prop_Book_Group_03_Convex.asset using Guid(423b8da75744e284fa3417f419ff5a4d) Importer(815301076,1909f56bfc062723c751e8b465ee728b)  -> (artifact id: '7a38d4d77fd0cd82c5b05bd27894e0b1') in 0.611283 seconds 
========================================================================
Received Import Request.
  Time since last request: 0.000033 seconds.
  path: Assets/HitBerry/Models/SM_Prop_Blender_01.fbx
  artifactKey: Guid(518162fd2a03be043b6a2e58f08c83db) Importer(815301076,1909f56bfc062723c751e8b465ee728b)
Start importing Assets/HitBerry/Models/SM_Prop_Blender_01.fbx using Guid(518162fd2a03be043b6a2e58f08c83db) Importer(815301076,1909f56bfc062723c751e8b465ee728b)  -> (artifact id: 'e60ac8e6b05c2e41008d664d0114a626') in 1.246792 seconds 
========================================================================
Received Import Request.
  Time since last request: 0.000043 seconds.
  path: Assets/HitBerry/Models/SM_Prop_Book_Group_03.fbx
  artifactKey: Guid(e846e094187ea50468c8fa6a3d912a53) Importer(815301076,1909f56bfc062723c751e8b465ee728b)
Start importing Assets/HitBerry/Models/SM_Prop_Book_Group_03.fbx using Guid(e846e094187ea50468c8fa6a3d912a53) Importer(815301076,1909f56bfc062723c751e8b465ee728b)  -> (artifact id: '2640f0737cd1b445a36560b8e26a4dcb') in 0.939558 seconds 
========================================================================
Received Import Request.
  Time since last request: 0.000034 seconds.
  path: Assets/HitBerry/Models/SM_Prop_Bin_02_Convex.asset
  artifactKey: Guid(1e920ab9e112c3143916c992cfe166b7) Importer(815301076,1909f56bfc062723c751e8b465ee728b)
Start importing Assets/HitBerry/Models/SM_Prop_Bin_02_Convex.asset using Guid(1e920ab9e112c3143916c992cfe166b7) Importer(815301076,1909f56bfc062723c751e8b465ee728b)  -> (artifact id: '9eb8184ad5def1727d7bba0828c0d26d') in 0.532048 seconds 
========================================================================
Received Import Request.
  Time since last request: 0.000029 seconds.
  path: Assets/HitBerry/Models/SM_Prop_Book_Magazine_01.fbx
  artifactKey: Guid(3334a048c9f16d246abc3297837d5502) Importer(815301076,1909f56bfc062723c751e8b465ee728b)
Start importing Assets/HitBerry/Models/SM_Prop_Book_Magazine_01.fbx using Guid(3334a048c9f16d246abc3297837d5502) Importer(815301076,1909f56bfc062723c751e8b465ee728b)  -> (artifact id: 'b783f8ce21575167aa84159967822bfe') in 0.596390 seconds 
========================================================================
Received Import Request.
  Time since last request: 0.046180 seconds.
  path: Assets/HitBerry/Models/SM_Bld_Wall_Baseboard_01.fbx
  artifactKey: Guid(400dbce2594ecec438f3d490132ba4fd) Importer(815301076,1909f56bfc062723c751e8b465ee728b)
Start importing Assets/HitBerry/Models/SM_Bld_Wall_Baseboard_01.fbx using Guid(400dbce2594ecec438f3d490132ba4fd) Importer(815301076,1909f56bfc062723c751e8b465ee728b)  -> (artifact id: 'a79a144cca5e69b51c3eed9289354687') in 0.342673 seconds 
========================================================================
Received Import Request.
  Time since last request: 2.625875 seconds.
  path: Assets/HitBerry/_Main/Cylinder.prefab
  artifactKey: Guid(0d51af0afb62b28408279207b323f9a6) Importer(815301076,1909f56bfc062723c751e8b465ee728b)
Start importing Assets/HitBerry/_Main/Cylinder.prefab using Guid(0d51af0afb62b28408279207b323f9a6) Importer(815301076,1909f56bfc062723c751e8b465ee728b)  -> (artifact id: '9fc600bc1f7bd2df66f336011e85f00c') in 1.309289 seconds 
========================================================================
Received Import Request.
  Time since last request: 0.000032 seconds.
  path: Assets/HitBerry/_Main/SM_Prop_Blender_01.prefab
  artifactKey: Guid(3a04d7ac33eeb7c43bf09f56e3dbcf95) Importer(815301076,1909f56bfc062723c751e8b465ee728b)
Start importing Assets/HitBerry/_Main/SM_Prop_Blender_01.prefab using Guid(3a04d7ac33eeb7c43bf09f56e3dbcf95) Importer(815301076,1909f56bfc062723c751e8b465ee728b)  -> (artifact id: 'c9b2d8f97d5daed5538f6c688a9bd07a') in 15.149805 seconds 
========================================================================
Received Import Request.
  Time since last request: 0.000041 seconds.
  path: Assets/HitBerry/_Main/Demo.unity
  artifactKey: Guid(5363c4650c006d0469bf3eacd9da8533) Importer(815301076,1909f56bfc062723c751e8b465ee728b)
Start importing Assets/HitBerry/_Main/Demo.unity using Guid(5363c4650c006d0469bf3eacd9da8533) Importer(815301076,1909f56bfc062723c751e8b465ee728b)  -> (artifact id: '0737d7a2678868f5e1a137b7bf083221') in 0.005132 seconds 
========================================================================
Received Import Request.
  Time since last request: 1288.422452 seconds.
  path: Assets/HitBerry/_Main/SM_Prop_Blender_01.prefab
  artifactKey: Guid(3a04d7ac33eeb7c43bf09f56e3dbcf95) Importer(815301076,1909f56bfc062723c751e8b465ee728b)
Start importing Assets/HitBerry/_Main/SM_Prop_Blender_01.prefab using Guid(3a04d7ac33eeb7c43bf09f56e3dbcf95) Importer(815301076,1909f56bfc062723c751e8b465ee728b)  -> (artifact id: 'e26f7981a9c5f1d788ee716743c97d14') in 2.472056 seconds 
========================================================================
Received Import Request.
  Time since last request: 53.032520 seconds.
  path: Assets/HitBerry/_Main/Food
  artifactKey: Guid(09a33edb45725c44ab0be8545d69557e) Importer(815301076,1909f56bfc062723c751e8b465ee728b)
Start importing Assets/HitBerry/_Main/Food using Guid(09a33edb45725c44ab0be8545d69557e) Importer(815301076,1909f56bfc062723c751e8b465ee728b)  -> (artifact id: '335435d724737dc452c4b6cacf2f2409') in 0.010957 seconds 
========================================================================
Received Import Request.
  Time since last request: 0.408008 seconds.
  path: Assets/HitBerry/_Main/Food/apple.fbx
  artifactKey: Guid(a824244881b890f49b6e98cedd6edd79) Importer(815301076,1909f56bfc062723c751e8b465ee728b)
Start importing Assets/HitBerry/_Main/Food/apple.fbx using Guid(a824244881b890f49b6e98cedd6edd79) Importer(815301076,1909f56bfc062723c751e8b465ee728b)  -> (artifact id: '5c33719121bdab4ec21547b621dc7787') in 1.679067 seconds 
========================================================================
Received Import Request.
  Time since last request: 0.011954 seconds.
  path: Assets/HitBerry/_Main/Food/appleHalf.fbx
  artifactKey: Guid(90a964662f231cd49aa5d1e6beb9e7c4) Importer(815301076,1909f56bfc062723c751e8b465ee728b)
Start importing Assets/HitBerry/_Main/Food/appleHalf.fbx using Guid(90a964662f231cd49aa5d1e6beb9e7c4) Importer(815301076,1909f56bfc062723c751e8b465ee728b)  -> (artifact id: 'eca2361acd96be88b5d02de26664faad') in 0.238372 seconds 
========================================================================
Received Import Request.
  Time since last request: 0.000040 seconds.
  path: Assets/HitBerry/_Main/Food/baconRaw.fbx
  artifactKey: Guid(622a99d96ad269c459a83fa05844ccd7) Importer(815301076,1909f56bfc062723c751e8b465ee728b)
Start importing Assets/HitBerry/_Main/Food/baconRaw.fbx using Guid(622a99d96ad269c459a83fa05844ccd7) Importer(815301076,1909f56bfc062723c751e8b465ee728b)  -> (artifact id: '9fdb3454dac0b8969b4dffbb179dae29') in 0.086414 seconds 
========================================================================
Received Import Request.
  Time since last request: 0.000046 seconds.
  path: Assets/HitBerry/_Main/Food/banana.fbx
  artifactKey: Guid(bae7e6b0ec8fc0f4b87dc9d01fa99821) Importer(815301076,1909f56bfc062723c751e8b465ee728b)
Start importing Assets/HitBerry/_Main/Food/banana.fbx using Guid(bae7e6b0ec8fc0f4b87dc9d01fa99821) Importer(815301076,1909f56bfc062723c751e8b465ee728b)  -> (artifact id: 'e1a744706c2f46338aa99ceeae18e3fd') in 0.063437 seconds 
========================================================================
Received Import Request.
  Time since last request: 0.000035 seconds.
  path: Assets/HitBerry/_Main/Food/barrel.fbx
  artifactKey: Guid(5679bec41cd7e604c997850c98f7f2f6) Importer(815301076,1909f56bfc062723c751e8b465ee728b)
Start importing Assets/HitBerry/_Main/Food/barrel.fbx using Guid(5679bec41cd7e604c997850c98f7f2f6) Importer(815301076,1909f56bfc062723c751e8b465ee728b)  -> (artifact id: '14f7295a113488d27c9620f1374bf1c5') in 0.079881 seconds 
========================================================================
Received Import Request.
  Time since last request: 0.000049 seconds.
  path: Assets/HitBerry/_Main/Food/bag.fbx
  artifactKey: Guid(550f593831f2d594696b6d3ae375b219) Importer(815301076,1909f56bfc062723c751e8b465ee728b)
Start importing Assets/HitBerry/_Main/Food/bag.fbx using Guid(550f593831f2d594696b6d3ae375b219) Importer(815301076,1909f56bfc062723c751e8b465ee728b)  -> (artifact id: 'e5cb429ad2adf8ef0273960f3a7cf094') in 0.055284 seconds 
========================================================================
Received Import Request.
  Time since last request: 0.000048 seconds.
  path: Assets/HitBerry/_Main/Food/bacon.fbx
  artifactKey: Guid(2ebde40be1697cd4c845934ae244cbb0) Importer(815301076,1909f56bfc062723c751e8b465ee728b)
Start importing Assets/HitBerry/_Main/Food/bacon.fbx using Guid(2ebde40be1697cd4c845934ae244cbb0) Importer(815301076,1909f56bfc062723c751e8b465ee728b)  -> (artifact id: 'fa2bb1fc815e428341116ddfe81914d9') in 0.087499 seconds 
========================================================================
Received Import Request.
  Time since last request: 0.000047 seconds.
  path: Assets/HitBerry/_Main/Food/bagFlat.fbx
  artifactKey: Guid(e5e14307aac7ae34f8bd5c9655a183cd) Importer(815301076,1909f56bfc062723c751e8b465ee728b)
Start importing Assets/HitBerry/_Main/Food/bagFlat.fbx using Guid(e5e14307aac7ae34f8bd5c9655a183cd) Importer(815301076,1909f56bfc062723c751e8b465ee728b)  -> (artifact id: '66c1d7be898dffc0eb6b398af1fdf031') in 0.040654 seconds 
========================================================================
Received Import Request.
  Time since last request: 0.000036 seconds.
  path: Assets/HitBerry/_Main/Food/avocado.fbx
  artifactKey: Guid(946fd0c936dd80740ae39b29b553c9a6) Importer(815301076,1909f56bfc062723c751e8b465ee728b)
Start importing Assets/HitBerry/_Main/Food/avocado.fbx using Guid(946fd0c936dd80740ae39b29b553c9a6) Importer(815301076,1909f56bfc062723c751e8b465ee728b)  -> (artifact id: '8625bb3c888a8a79a0e5797b7d1d14b7') in 0.042002 seconds 
========================================================================
Received Import Request.
  Time since last request: 0.000032 seconds.
  path: Assets/HitBerry/_Main/Food/avocadoHalf.fbx
  artifactKey: Guid(0e391185040eaa04081ba3171db5fdf9) Importer(815301076,1909f56bfc062723c751e8b465ee728b)
Start importing Assets/HitBerry/_Main/Food/avocadoHalf.fbx using Guid(0e391185040eaa04081ba3171db5fdf9) Importer(815301076,1909f56bfc062723c751e8b465ee728b)  -> (artifact id: '5f3d144c23ee8dbff7208d30847f1010') in 0.091814 seconds 
========================================================================
Received Import Request.
  Time since last request: 1.930458 seconds.
  path: Assets/HitBerry/_Main/Food/beet.fbx
  artifactKey: Guid(4f28d9dd583b7984a9a0413102748ec4) Importer(815301076,1909f56bfc062723c751e8b465ee728b)
Start importing Assets/HitBerry/_Main/Food/beet.fbx using Guid(4f28d9dd583b7984a9a0413102748ec4) Importer(815301076,1909f56bfc062723c751e8b465ee728b)  -> (artifact id: 'ab47ba604f976e518a5246ad7607742e') in 0.143940 seconds 
========================================================================
Received Import Request.
  Time since last request: 0.000039 seconds.
  path: Assets/HitBerry/_Main/Food/bottleKetchup.fbx
  artifactKey: Guid(2f6ba872e3954f1408d851a5fdfc3bcc) Importer(815301076,1909f56bfc062723c751e8b465ee728b)
Start importing Assets/HitBerry/_Main/Food/bottleKetchup.fbx using Guid(2f6ba872e3954f1408d851a5fdfc3bcc) Importer(815301076,1909f56bfc062723c751e8b465ee728b)  -> (artifact id: '3d2f51b298f75efaa5809a8cf4563e8b') in 0.070111 seconds 
========================================================================
Received Import Request.
  Time since last request: 0.421722 seconds.
  path: Assets/HitBerry/_Main/Food/bottleMusterd.fbx
  artifactKey: Guid(c341b2c3187a4b9469d2844b41d54a20) Importer(815301076,1909f56bfc062723c751e8b465ee728b)
Start importing Assets/HitBerry/_Main/Food/bottleMusterd.fbx using Guid(c341b2c3187a4b9469d2844b41d54a20) Importer(815301076,1909f56bfc062723c751e8b465ee728b)  -> (artifact id: '4361b20db55df15d002995e6c35d1a3e') in 0.081665 seconds 
========================================================================
Received Import Request.
  Time since last request: 0.000077 seconds.
  path: Assets/HitBerry/_Main/Food/bottleOil.fbx
  artifactKey: Guid(bd41bd5cf49f7dc45892a6bdf9b6c4c9) Importer(815301076,1909f56bfc062723c751e8b465ee728b)
Start importing Assets/HitBerry/_Main/Food/bottleOil.fbx using Guid(bd41bd5cf49f7dc45892a6bdf9b6c4c9) Importer(815301076,1909f56bfc062723c751e8b465ee728b)  -> (artifact id: '839ec98114c330088870164c05184dd4') in 0.106912 seconds 
========================================================================
Received Import Request.
  Time since last request: 0.279192 seconds.
  path: Assets/HitBerry/_Main/Food/bowl.fbx
  artifactKey: Guid(835309041bf1ecd489eb83d05e9f92d9) Importer(815301076,1909f56bfc062723c751e8b465ee728b)
Start importing Assets/HitBerry/_Main/Food/bowl.fbx using Guid(835309041bf1ecd489eb83d05e9f92d9) Importer(815301076,1909f56bfc062723c751e8b465ee728b)  -> (artifact id: 'd90735c7f35c9eecc4c5d322e82caa59') in 0.089140 seconds 
========================================================================
Received Import Request.
  Time since last request: 0.000054 seconds.
  path: Assets/HitBerry/_Main/Food/bowlBroth.fbx
  artifactKey: Guid(bd25f04924830464fae0742270156e57) Importer(815301076,1909f56bfc062723c751e8b465ee728b)
Start importing Assets/HitBerry/_Main/Food/bowlBroth.fbx using Guid(bd25f04924830464fae0742270156e57) Importer(815301076,1909f56bfc062723c751e8b465ee728b)  -> (artifact id: '15f0b3c8d60ce6d55e02baf9e941d7ac') in 0.161435 seconds 
========================================================================
Received Import Request.
  Time since last request: 0.000153 seconds.
  path: Assets/HitBerry/_Main/Food/bowlCereal.fbx
  artifactKey: Guid(278696a9eee938a43bad439b3978449e) Importer(815301076,1909f56bfc062723c751e8b465ee728b)
Start importing Assets/HitBerry/_Main/Food/bowlCereal.fbx using Guid(278696a9eee938a43bad439b3978449e) Importer(815301076,1909f56bfc062723c751e8b465ee728b)  -> (artifact id: '424812673acd31ff9f4390ae8c62d964') in 0.180422 seconds 
========================================================================
Received Import Request.
  Time since last request: 0.000049 seconds.
  path: Assets/HitBerry/_Main/Food/bowlSoup.fbx
  artifactKey: Guid(cc02072a1cc3e8f41a333f90971e1d5f) Importer(815301076,1909f56bfc062723c751e8b465ee728b)
Start importing Assets/HitBerry/_Main/Food/bowlSoup.fbx using Guid(cc02072a1cc3e8f41a333f90971e1d5f) Importer(815301076,1909f56bfc062723c751e8b465ee728b)  -> (artifact id: '1af49559256db87ee340cc552b8a976a') in 0.112371 seconds 
========================================================================
Received Import Request.
  Time since last request: 0.039521 seconds.
  path: Assets/HitBerry/_Main/Food/bread.fbx
  artifactKey: Guid(a6f325f2d5eb6ca429485c58e590f6f9) Importer(815301076,1909f56bfc062723c751e8b465ee728b)
Start importing Assets/HitBerry/_Main/Food/bread.fbx using Guid(a6f325f2d5eb6ca429485c58e590f6f9) Importer(815301076,1909f56bfc062723c751e8b465ee728b)  -> (artifact id: '1f4e3dbaeef77fbc75000aef928d6145') in 0.131870 seconds 
========================================================================
Received Import Request.
  Time since last request: 0.000048 seconds.
  path: Assets/HitBerry/_Main/Food/broccoli.fbx
  artifactKey: Guid(e602f0d1b41f2e143b826b501c1ab049) Importer(815301076,1909f56bfc062723c751e8b465ee728b)
Start importing Assets/HitBerry/_Main/Food/broccoli.fbx using Guid(e602f0d1b41f2e143b826b501c1ab049) Importer(815301076,1909f56bfc062723c751e8b465ee728b)  -> (artifact id: '7f176915fbabc6e1aeeb87baaf702723') in 0.112359 seconds 
========================================================================
Received Import Request.
  Time since last request: 0.000040 seconds.
  path: Assets/HitBerry/_Main/Food/burger.fbx
  artifactKey: Guid(17a55eb23e910dd4e9c9a728f12a0c85) Importer(815301076,1909f56bfc062723c751e8b465ee728b)
Start importing Assets/HitBerry/_Main/Food/burger.fbx using Guid(17a55eb23e910dd4e9c9a728f12a0c85) Importer(815301076,1909f56bfc062723c751e8b465ee728b)  -> (artifact id: '65f0907447c17fe28622e27d5d5431c9') in 0.317740 seconds 
========================================================================
Received Import Request.
  Time since last request: 0.000057 seconds.
  path: Assets/HitBerry/_Main/Food/burgerCheeseDouble.fbx
  artifactKey: Guid(f05d9e2fe9de0a445a0b84f1474b9b2c) Importer(815301076,1909f56bfc062723c751e8b465ee728b)
Start importing Assets/HitBerry/_Main/Food/burgerCheeseDouble.fbx using Guid(f05d9e2fe9de0a445a0b84f1474b9b2c) Importer(815301076,1909f56bfc062723c751e8b465ee728b)  -> (artifact id: 'fc7258c156bd296dea9b090d5ede43a6') in 0.232157 seconds 
========================================================================
Received Import Request.
  Time since last request: 0.000040 seconds.
  path: Assets/HitBerry/_Main/Food/burgerCheese.fbx
  artifactKey: Guid(909735049ee9a354c9a71964ffeeae10) Importer(815301076,1909f56bfc062723c751e8b465ee728b)
Start importing Assets/HitBerry/_Main/Food/burgerCheese.fbx using Guid(909735049ee9a354c9a71964ffeeae10) Importer(815301076,1909f56bfc062723c751e8b465ee728b)  -> (artifact id: '6167ff13d416b17a60b72687cb820437') in 0.166851 seconds 
========================================================================
Received Import Request.
  Time since last request: 0.000059 seconds.
  path: Assets/HitBerry/_Main/Food/cabbage.fbx
  artifactKey: Guid(fe7190f2cabec0648a42b793f73e08f4) Importer(815301076,1909f56bfc062723c751e8b465ee728b)
Start importing Assets/HitBerry/_Main/Food/cabbage.fbx using Guid(fe7190f2cabec0648a42b793f73e08f4) Importer(815301076,1909f56bfc062723c751e8b465ee728b)  -> (artifact id: '47f9ba5aaf70bf9c5fc3005a80ab4647') in 0.157403 seconds 
========================================================================
Received Import Request.
  Time since last request: 0.000035 seconds.
  path: Assets/HitBerry/_Main/Food/burgerDouble.fbx
  artifactKey: Guid(02bbfcbaf9fd9db44902599f10829efb) Importer(815301076,1909f56bfc062723c751e8b465ee728b)
Start importing Assets/HitBerry/_Main/Food/burgerDouble.fbx using Guid(02bbfcbaf9fd9db44902599f10829efb) Importer(815301076,1909f56bfc062723c751e8b465ee728b)  -> (artifact id: '5a9a51865615d4bd35227c17eff9b88d') in 0.315594 seconds 
========================================================================
Received Import Request.
  Time since last request: 0.163950 seconds.
  path: Assets/HitBerry/_Main/Food/cake.fbx
  artifactKey: Guid(91618fd7d91f57e49a975d7e27a3e90c) Importer(815301076,1909f56bfc062723c751e8b465ee728b)
Start importing Assets/HitBerry/_Main/Food/cake.fbx using Guid(91618fd7d91f57e49a975d7e27a3e90c) Importer(815301076,1909f56bfc062723c751e8b465ee728b)  -> (artifact id: '3c9ea703b73650a16f13824a02771799') in 0.223748 seconds 
========================================================================
Received Import Request.
  Time since last request: 0.000050 seconds.
  path: Assets/HitBerry/_Main/Food/cakeBirthday.fbx
  artifactKey: Guid(e7215b887f3c6954b8864187758704b9) Importer(815301076,1909f56bfc062723c751e8b465ee728b)
Start importing Assets/HitBerry/_Main/Food/cakeBirthday.fbx using Guid(e7215b887f3c6954b8864187758704b9) Importer(815301076,1909f56bfc062723c751e8b465ee728b)  -> (artifact id: 'c9ce06ba2efa5f5c5ff57653a69b955a') in 0.225671 seconds 
========================================================================
Received Import Request.
  Time since last request: 0.051185 seconds.
  path: Assets/HitBerry/_Main/Food/cakeSlicer.fbx
  artifactKey: Guid(192f48c6540c37d48a488d44d2c37bf4) Importer(815301076,1909f56bfc062723c751e8b465ee728b)
Start importing Assets/HitBerry/_Main/Food/cakeSlicer.fbx using Guid(192f48c6540c37d48a488d44d2c37bf4) Importer(815301076,1909f56bfc062723c751e8b465ee728b)  -> (artifact id: '8cceb80c06753fe1fd11f91b09df8e23') in 0.052564 seconds 
========================================================================
Received Import Request.
  Time since last request: 0.000034 seconds.
  path: Assets/HitBerry/_Main/Food/candyBar.fbx
  artifactKey: Guid(1291394b55673144985e3fb78b464bca) Importer(815301076,1909f56bfc062723c751e8b465ee728b)
Start importing Assets/HitBerry/_Main/Food/candyBar.fbx using Guid(1291394b55673144985e3fb78b464bca) Importer(815301076,1909f56bfc062723c751e8b465ee728b)  -> (artifact id: '14aaeb3ab70459ac4fa0f6e58adf3c1e') in 0.055941 seconds 
========================================================================
Received Import Request.
  Time since last request: 0.000037 seconds.
  path: Assets/HitBerry/_Main/Food/can.fbx
  artifactKey: Guid(e4f0c977ab587a84cb49366eeb2bb846) Importer(815301076,1909f56bfc062723c751e8b465ee728b)
Start importing Assets/HitBerry/_Main/Food/can.fbx using Guid(e4f0c977ab587a84cb49366eeb2bb846) Importer(815301076,1909f56bfc062723c751e8b465ee728b)  -> (artifact id: '44110d7b19a9ce80ceab8ca468824713') in 0.082870 seconds 
========================================================================
Received Import Request.
  Time since last request: 2.621972 seconds.
  path: Assets/HitBerry/_Main/Characters/SM_Chr_Boss_Female_01.prefab
  artifactKey: Guid(886e38ce682403743b9b058cb21703f2) Importer(815301076,1909f56bfc062723c751e8b465ee728b)
Start importing Assets/HitBerry/_Main/Characters/SM_Chr_Boss_Female_01.prefab using Guid(886e38ce682403743b9b058cb21703f2) Importer(815301076,1909f56bfc062723c751e8b465ee728b)  -> (artifact id: 'b0487a08a1dea056ce805fd531fa1b3a') in 0.584078 seconds 
========================================================================
Received Import Request.
  Time since last request: 0.000041 seconds.
  path: Assets/HitBerry/_Main/Characters/SM_Chr_Business_Male_01.prefab
  artifactKey: Guid(3c5b1db0b16674f40a46b5819998a15f) Importer(815301076,1909f56bfc062723c751e8b465ee728b)
Start importing Assets/HitBerry/_Main/Characters/SM_Chr_Business_Male_01.prefab using Guid(3c5b1db0b16674f40a46b5819998a15f) Importer(815301076,1909f56bfc062723c751e8b465ee728b)  -> (artifact id: '3d78f908569153258482554223d8c508') in 0.110525 seconds 
========================================================================
Received Import Request.
  Time since last request: 0.000059 seconds.
  path: Assets/HitBerry/_Main/Characters/SM_Chr_Business_Male_02.prefab
  artifactKey: Guid(3a07a1305adf7464bbd22995e1a94b51) Importer(815301076,1909f56bfc062723c751e8b465ee728b)
Start importing Assets/HitBerry/_Main/Characters/SM_Chr_Business_Male_02.prefab using Guid(3a07a1305adf7464bbd22995e1a94b51) Importer(815301076,1909f56bfc062723c751e8b465ee728b)  -> (artifact id: 'dbc21b4291eccf0cc869f79a41a41cd0') in 0.103644 seconds 
========================================================================
Received Import Request.
  Time since last request: 0.000037 seconds.
  path: Assets/HitBerry/_Main/Characters/SM_Chr_Business_Male_03.prefab
  artifactKey: Guid(72eac7e5c7348c94d8915f3dcaa2f5eb) Importer(815301076,1909f56bfc062723c751e8b465ee728b)
Start importing Assets/HitBerry/_Main/Characters/SM_Chr_Business_Male_03.prefab using Guid(72eac7e5c7348c94d8915f3dcaa2f5eb) Importer(815301076,1909f56bfc062723c751e8b465ee728b)  -> (artifact id: '209473f4e53e4b5f042c10282be1aedc') in 0.156260 seconds 
========================================================================
Received Import Request.
  Time since last request: 0.000042 seconds.
  path: Assets/HitBerry/_Main/Characters/SM_Chr_Business_Female_01.prefab
  artifactKey: Guid(55048683fb58f1d468dcb88416e892ee) Importer(815301076,1909f56bfc062723c751e8b465ee728b)
Start importing Assets/HitBerry/_Main/Characters/SM_Chr_Business_Female_01.prefab using Guid(55048683fb58f1d468dcb88416e892ee) Importer(815301076,1909f56bfc062723c751e8b465ee728b)  -> (artifact id: '480331528942e9125075b2211224dd4b') in 0.131363 seconds 
========================================================================
Received Import Request.
  Time since last request: 0.000048 seconds.
  path: Assets/HitBerry/_Main/Characters/SM_Chr_Business_Female_04.prefab
  artifactKey: Guid(39959bef43f00bd4296c4c6bf8333a52) Importer(815301076,1909f56bfc062723c751e8b465ee728b)
Start importing Assets/HitBerry/_Main/Characters/SM_Chr_Business_Female_04.prefab using Guid(39959bef43f00bd4296c4c6bf8333a52) Importer(815301076,1909f56bfc062723c751e8b465ee728b)  -> (artifact id: '4164b03a30334b2cd649f008ba06e482') in 0.090361 seconds 
========================================================================
Received Import Request.
  Time since last request: 0.000044 seconds.
  path: Assets/HitBerry/_Main/Characters/SM_Chr_Boss_Male_01.prefab
  artifactKey: Guid(0636a8b0926172c499640f89dacb0a94) Importer(815301076,1909f56bfc062723c751e8b465ee728b)
Start importing Assets/HitBerry/_Main/Characters/SM_Chr_Boss_Male_01.prefab using Guid(0636a8b0926172c499640f89dacb0a94) Importer(815301076,1909f56bfc062723c751e8b465ee728b)  -> (artifact id: '0aadd563aa39f91a31ccee3b146275a7') in 0.101983 seconds 
========================================================================
Received Import Request.
  Time since last request: 0.000053 seconds.
  path: Assets/HitBerry/_Main/Characters/SM_Chr_Business_Female_02.prefab
  artifactKey: Guid(88f81e1631ea70f458d192631bf8886d) Importer(815301076,1909f56bfc062723c751e8b465ee728b)
Start importing Assets/HitBerry/_Main/Characters/SM_Chr_Business_Female_02.prefab using Guid(88f81e1631ea70f458d192631bf8886d) Importer(815301076,1909f56bfc062723c751e8b465ee728b)  -> (artifact id: '9f5b24af4f101606d08fdd89bddfe804') in 0.149082 seconds 
========================================================================
Received Import Request.
  Time since last request: 0.000048 seconds.
  path: Assets/HitBerry/_Main/Characters/SM_Chr_Business_Female_03.prefab
  artifactKey: Guid(f78a881d3ec75d945ac878527dc26674) Importer(815301076,1909f56bfc062723c751e8b465ee728b)
Start importing Assets/HitBerry/_Main/Characters/SM_Chr_Business_Female_03.prefab using Guid(f78a881d3ec75d945ac878527dc26674) Importer(815301076,1909f56bfc062723c751e8b465ee728b)  -> (artifact id: 'd4dd0fbb00124b47991c9a7d36400347') in 0.138141 seconds 
========================================================================
Received Import Request.
  Time since last request: 5.018033 seconds.
  path: Assets/HitBerry/_Main/Characters/SM_Chr_Business_Male_04.prefab
  artifactKey: Guid(1479c81f0e50d034fbd932f2971da914) Importer(815301076,1909f56bfc062723c751e8b465ee728b)
Start importing Assets/HitBerry/_Main/Characters/SM_Chr_Business_Male_04.prefab using Guid(1479c81f0e50d034fbd932f2971da914) Importer(815301076,1909f56bfc062723c751e8b465ee728b)  -> (artifact id: '5ec225d61aa280919880272a6125d32b') in 0.096818 seconds 
========================================================================
Received Import Request.
  Time since last request: 0.000042 seconds.
  path: Assets/HitBerry/_Main/Characters/SM_Chr_Cleaner_Female_01.prefab
  artifactKey: Guid(93e1de5d7ab0d25408e36ac4a41850db) Importer(815301076,1909f56bfc062723c751e8b465ee728b)
Start importing Assets/HitBerry/_Main/Characters/SM_Chr_Cleaner_Female_01.prefab using Guid(93e1de5d7ab0d25408e36ac4a41850db) Importer(815301076,1909f56bfc062723c751e8b465ee728b)  -> (artifact id: '5798272dd2958c19b058093d597c9d79') in 0.098186 seconds 
========================================================================
Received Import Request.
  Time since last request: 0.000040 seconds.
  path: Assets/HitBerry/_Main/Characters/SM_Chr_Cleaner_Male_01.prefab
  artifactKey: Guid(a690c3998952a6541bfa77d42dfe5078) Importer(815301076,1909f56bfc062723c751e8b465ee728b)
Start importing Assets/HitBerry/_Main/Characters/SM_Chr_Cleaner_Male_01.prefab using Guid(a690c3998952a6541bfa77d42dfe5078) Importer(815301076,1909f56bfc062723c751e8b465ee728b)  -> (artifact id: '2d2b31eb3cebb566524df4d6298e1eb7') in 0.136197 seconds 
========================================================================
Received Import Request.
  Time since last request: 0.000072 seconds.
  path: Assets/HitBerry/_Main/Characters/SM_Chr_Developer_Female_02.prefab
  artifactKey: Guid(aa1d93d2d2812c647997998c269316dd) Importer(815301076,1909f56bfc062723c751e8b465ee728b)
Start importing Assets/HitBerry/_Main/Characters/SM_Chr_Developer_Female_02.prefab using Guid(aa1d93d2d2812c647997998c269316dd) Importer(815301076,1909f56bfc062723c751e8b465ee728b)  -> (artifact id: '3b2aa155feb53a60cab85207ac467f6f') in 0.221994 seconds 
========================================================================
Received Import Request.
  Time since last request: 0.000042 seconds.
  path: Assets/HitBerry/_Main/Characters/SM_Chr_Developer_Male_01.prefab
  artifactKey: Guid(32b926586df8d6f49b0136c82d26645f) Importer(815301076,1909f56bfc062723c751e8b465ee728b)
Start importing Assets/HitBerry/_Main/Characters/SM_Chr_Developer_Male_01.prefab using Guid(32b926586df8d6f49b0136c82d26645f) Importer(815301076,1909f56bfc062723c751e8b465ee728b)  -> (artifact id: 'e03692ad58b55e10f99c928a2cc5c109') in 0.101949 seconds 
========================================================================
Received Import Request.
  Time since last request: 0.000057 seconds.
  path: Assets/HitBerry/_Main/Characters/SM_Chr_Developer_Female_01.prefab
  artifactKey: Guid(1a96e91537e0d7f48809b9484dff7f3e) Importer(815301076,1909f56bfc062723c751e8b465ee728b)
Start importing Assets/HitBerry/_Main/Characters/SM_Chr_Developer_Female_01.prefab using Guid(1a96e91537e0d7f48809b9484dff7f3e) Importer(815301076,1909f56bfc062723c751e8b465ee728b)  -> (artifact id: '7a2e449240cc4bac684a9df754555059') in 0.079140 seconds 
========================================================================
Received Import Request.
  Time since last request: 0.000037 seconds.
  path: Assets/HitBerry/_Main/Characters/SM_Chr_Developer_Male_02.prefab
  artifactKey: Guid(08a2f1fda95d8de42ba936230a0610fe) Importer(815301076,1909f56bfc062723c751e8b465ee728b)
Start importing Assets/HitBerry/_Main/Characters/SM_Chr_Developer_Male_02.prefab using Guid(08a2f1fda95d8de42ba936230a0610fe) Importer(815301076,1909f56bfc062723c751e8b465ee728b)  -> (artifact id: 'd2067e4955408cb018ba1848d8387fe0') in 0.130832 seconds 
========================================================================
Received Import Request.
  Time since last request: 0.378740 seconds.
  path: Assets/HitBerry/_Main/Characters/SM_Chr_Security_Female_01.prefab
  artifactKey: Guid(06a87c8b15efd30448d53857e94c45e9) Importer(815301076,1909f56bfc062723c751e8b465ee728b)
Start importing Assets/HitBerry/_Main/Characters/SM_Chr_Security_Female_01.prefab using Guid(06a87c8b15efd30448d53857e94c45e9) Importer(815301076,1909f56bfc062723c751e8b465ee728b)  -> (artifact id: '8c27bfe2e826f1e3bef476393bc35b51') in 0.081637 seconds 
========================================================================
Received Import Request.
  Time since last request: 0.000041 seconds.
  path: Assets/HitBerry/_Main/Characters/SM_Chr_Security_Male_01.prefab
  artifactKey: Guid(1d5338d27c0839b46892a6390262c9d4) Importer(815301076,1909f56bfc062723c751e8b465ee728b)
Start importing Assets/HitBerry/_Main/Characters/SM_Chr_Security_Male_01.prefab using Guid(1d5338d27c0839b46892a6390262c9d4) Importer(815301076,1909f56bfc062723c751e8b465ee728b)  -> (artifact id: '02bdab814e46a8afb60f4552ce525880') in 0.109827 seconds 
========================================================================
Received Import Request.
  Time since last request: 236.471593 seconds.
  path: Assets/HitBerry/Models/Character.fbx
  artifactKey: Guid(318840a7e38980943bb4c508fa842265) Importer(815301076,1909f56bfc062723c751e8b465ee728b)
Start importing Assets/HitBerry/Models/Character.fbx using Guid(318840a7e38980943bb4c508fa842265) Importer(815301076,1909f56bfc062723c751e8b465ee728b)  -> (artifact id: '2c4e1acc2e1bfc95fa8b89e0f81665c8') in 2.311834 seconds 
========================================================================
Received Import Request.
  Time since last request: 0.000074 seconds.
  path: Assets/HitBerry/Models/Cylinder.obj
  artifactKey: Guid(7981b7a870da38f4bb9d1ebabac70f41) Importer(815301076,1909f56bfc062723c751e8b465ee728b)
Start importing Assets/HitBerry/Models/Cylinder.obj using Guid(7981b7a870da38f4bb9d1ebabac70f41) Importer(815301076,1909f56bfc062723c751e8b465ee728b)  -> (artifact id: 'bbaf1362b2cced6c0a54329b0f86b9e0') in 0.107475 seconds 
========================================================================
Received Import Request.
  Time since last request: 5.899453 seconds.
  path: Assets/HitBerry/Materials/PolygonOffice_Material_01_A.mat
  artifactKey: Guid(2f834016e53f12c42a12baecd4450e34) Importer(815301076,1909f56bfc062723c751e8b465ee728b)
Start importing Assets/HitBerry/Materials/PolygonOffice_Material_01_A.mat using Guid(2f834016e53f12c42a12baecd4450e34) Importer(815301076,1909f56bfc062723c751e8b465ee728b)  -> (artifact id: '1b7e4a38fa6aff2087a07e5d6fc758c2') in 2.798694 seconds 
========================================================================
Received Import Request.
  Time since last request: 0.000058 seconds.
  path: Assets/HitBerry/Materials/Misc
  artifactKey: Guid(8e132799b7faab64a9a41e15cc992d2a) Importer(815301076,1909f56bfc062723c751e8b465ee728b)
Start importing Assets/HitBerry/Materials/Misc using Guid(8e132799b7faab64a9a41e15cc992d2a) Importer(815301076,1909f56bfc062723c751e8b465ee728b)  -> (artifact id: '034c5816edbb81ad6aee8aa571b6c4e7') in 0.023222 seconds 
========================================================================
Received Import Request.
  Time since last request: 0.000065 seconds.
  path: Assets/HitBerry/Materials/PolygonOffice_Material_02_A.mat
  artifactKey: Guid(8b0a463281755ef4487381aff7b669d2) Importer(815301076,1909f56bfc062723c751e8b465ee728b)
Start importing Assets/HitBerry/Materials/PolygonOffice_Material_02_A.mat using Guid(8b0a463281755ef4487381aff7b669d2) Importer(815301076,1909f56bfc062723c751e8b465ee728b)  -> (artifact id: 'ac2274da2e465006f83cfce4eb6eab82') in 0.286707 seconds 
========================================================================
Received Import Request.
  Time since last request: 0.000054 seconds.
  path: Assets/HitBerry/Materials/Misc/PolygonOffice_Material_Screen_03.mat
  artifactKey: Guid(666c5768a0f54d34295439b7ba464ea6) Importer(815301076,1909f56bfc062723c751e8b465ee728b)
Start importing Assets/HitBerry/Materials/Misc/PolygonOffice_Material_Screen_03.mat using Guid(666c5768a0f54d34295439b7ba464ea6) Importer(815301076,1909f56bfc062723c751e8b465ee728b)  -> (artifact id: 'ec1e1009b166da98fc2006286df204d4') in 3.223461 seconds 
========================================================================
Received Import Request.
  Time since last request: 0.000062 seconds.
  path: Assets/HitBerry/Materials/Misc/PolygonOffice_Material_Screen_01.mat
  artifactKey: Guid(b2fc9034565b6084bb8519fb97146c01) Importer(815301076,1909f56bfc062723c751e8b465ee728b)
Start importing Assets/HitBerry/Materials/Misc/PolygonOffice_Material_Screen_01.mat using Guid(b2fc9034565b6084bb8519fb97146c01) Importer(815301076,1909f56bfc062723c751e8b465ee728b)  -> (artifact id: 'ee06f6dbd3a97e3201b5a910c6427591') in 0.181299 seconds 
========================================================================
Received Import Request.
  Time since last request: 36.444118 seconds.
  path: Assets/HitBerry/Textures/PolygonOffice_Texture_01_A.png
  artifactKey: Guid(63070be2573ac6640a080b00e06cc159) Importer(815301076,1909f56bfc062723c751e8b465ee728b)
Start importing Assets/HitBerry/Textures/PolygonOffice_Texture_01_A.png using Guid(63070be2573ac6640a080b00e06cc159) Importer(815301076,1909f56bfc062723c751e8b465ee728b)  -> (artifact id: '9c5047af58af928fe4eebedddec9459b') in 1.757516 seconds 
========================================================================
Received Import Request.
  Time since last request: 0.016528 seconds.
  path: Assets/HitBerry/Textures/PolygonOffice_Texture_02_A.png
  artifactKey: Guid(aa02daf680a4ac64bb12d001f5959a59) Importer(815301076,1909f56bfc062723c751e8b465ee728b)
Start importing Assets/HitBerry/Textures/PolygonOffice_Texture_02_A.png using Guid(aa02daf680a4ac64bb12d001f5959a59) Importer(815301076,1909f56bfc062723c751e8b465ee728b)  -> (artifact id: 'c36fab33889d15ac0f503883791056c0') in 0.049288 seconds 
========================================================================
Received Import Request.
  Time since last request: 23.314941 seconds.
  path: Assets/HitBerry/Textures/Emissive_01.png
  artifactKey: Guid(0c70d3763b810b1498e306f09e346df8) Importer(815301076,1909f56bfc062723c751e8b465ee728b)
Start importing Assets/HitBerry/Textures/Emissive_01.png using Guid(0c70d3763b810b1498e306f09e346df8) Importer(815301076,1909f56bfc062723c751e8b465ee728b)  -> (artifact id: 'a7b33701fd1914e12a328fffd0c4d295') in 0.073432 seconds 
========================================================================
Received Import Request.
  Time since last request: 0.000041 seconds.
  path: Assets/HitBerry/Textures/PolygonOffice_Texture_Sceen_01.png
  artifactKey: Guid(11dd85058ca3acc4daf542ec90e8e7fb) Importer(815301076,1909f56bfc062723c751e8b465ee728b)
Start importing Assets/HitBerry/Textures/PolygonOffice_Texture_Sceen_01.png using Guid(11dd85058ca3acc4daf542ec90e8e7fb) Importer(815301076,1909f56bfc062723c751e8b465ee728b)  -> (artifact id: 'b55a6ee17676ad7c338a81888261af31') in 0.038429 seconds 
========================================================================
Received Import Request.
  Time since last request: 0.000041 seconds.
  path: Assets/HitBerry/Textures/PolygonOffice_Texture_Sceen_03.png
  artifactKey: Guid(f01e6f8d0a1de17499e1f961823b7931) Importer(815301076,1909f56bfc062723c751e8b465ee728b)
Start importing Assets/HitBerry/Textures/PolygonOffice_Texture_Sceen_03.png using Guid(f01e6f8d0a1de17499e1f961823b7931) Importer(815301076,1909f56bfc062723c751e8b465ee728b)  -> (artifact id: '7e02f7c6623a1742db9e1404d3f56463') in 0.027948 seconds 
========================================================================
Received Import Request.
  Time since last request: 379.997605 seconds.
  path: Assets/HitBerry/Toony Colors Pro/Scripts
  artifactKey: Guid(55a54241f0fb67040b5107085fa3670a) Importer(815301076,1909f56bfc062723c751e8b465ee728b)
Start importing Assets/HitBerry/Toony Colors Pro/Scripts using Guid(55a54241f0fb67040b5107085fa3670a) Importer(815301076,1909f56bfc062723c751e8b465ee728b)  -> (artifact id: 'cd97b9c50645022c701e41626904bcbd') in 0.019817 seconds 
========================================================================
Received Import Request.
  Time since last request: 0.047499 seconds.
  path: Assets/HitBerry/Toony Colors Pro/Scripts/ToonyColorsPro.Runtime.asmdef
  artifactKey: Guid(cbba45b94392f074d8497831a104abf9) Importer(815301076,1909f56bfc062723c751e8b465ee728b)
Start importing Assets/HitBerry/Toony Colors Pro/Scripts/ToonyColorsPro.Runtime.asmdef using Guid(cbba45b94392f074d8497831a104abf9) Importer(815301076,1909f56bfc062723c751e8b465ee728b)  -> (artifact id: '23ac03558e7baa0d8ac4b40dd7fcedaf') in 0.095116 seconds 
========================================================================
Received Import Request.
  Time since last request: 5.443709 seconds.
  path: Assets/HitBerry/Toony Colors Pro/Shaders/Hybrid
  artifactKey: Guid(72d7c08a8dbc81840931a7ed1d13ec54) Importer(815301076,1909f56bfc062723c751e8b465ee728b)
Start importing Assets/HitBerry/Toony Colors Pro/Shaders/Hybrid using Guid(72d7c08a8dbc81840931a7ed1d13ec54) Importer(815301076,1909f56bfc062723c751e8b465ee728b)  -> (artifact id: 'ad44d6a6247b2cdd12e8262cd4d9be37') in 0.013287 seconds 
========================================================================
Received Import Request.
  Time since last request: 0.190874 seconds.
  path: Assets/HitBerry/Toony Colors Pro/Shaders/Hybrid/TCP2 Hybrid Include.cginc
  artifactKey: Guid(77cc4099b4c0a5a4495b17ee94980292) Importer(815301076,1909f56bfc062723c751e8b465ee728b)
Start importing Assets/HitBerry/Toony Colors Pro/Shaders/Hybrid/TCP2 Hybrid Include.cginc using Guid(77cc4099b4c0a5a4495b17ee94980292) Importer(815301076,1909f56bfc062723c751e8b465ee728b)  -> (artifact id: 'db061116b6370c9569cc8f0e437f33a5') in 0.122893 seconds 
========================================================================
Received Import Request.
  Time since last request: 0.000038 seconds.
  path: Assets/HitBerry/Toony Colors Pro/Shaders/Hybrid/TCP2 Hybrid URP Support.cginc
  artifactKey: Guid(5d83281ea07708940a9cf4fe0b981655) Importer(815301076,1909f56bfc062723c751e8b465ee728b)
Start importing Assets/HitBerry/Toony Colors Pro/Shaders/Hybrid/TCP2 Hybrid URP Support.cginc using Guid(5d83281ea07708940a9cf4fe0b981655) Importer(815301076,1909f56bfc062723c751e8b465ee728b)  -> (artifact id: '7cc27dd71c702d9ead21f2ec9bd12897') in 0.027298 seconds 
========================================================================
Received Import Request.
  Time since last request: 18.996490 seconds.
  path: Assets/HitBerry/Prefabs/Props
  artifactKey: Guid(dc7c5fce2905ef34aa9791a314c065a4) Importer(815301076,1909f56bfc062723c751e8b465ee728b)
Start importing Assets/HitBerry/Prefabs/Props using Guid(dc7c5fce2905ef34aa9791a314c065a4) Importer(815301076,1909f56bfc062723c751e8b465ee728b)  -> (artifact id: 'c01cb2377cd5aa9a5ba187a8f62c814b') in 0.047838 seconds 
========================================================================
Received Import Request.
  Time since last request: 2.218009 seconds.
  path: Assets/HitBerry/Prefabs/Props/Furniture
  artifactKey: Guid(2d1aa9b92555c674aa3fc12f3c628544) Importer(815301076,1909f56bfc062723c751e8b465ee728b)
Start importing Assets/HitBerry/Prefabs/Props/Furniture using Guid(2d1aa9b92555c674aa3fc12f3c628544) Importer(815301076,1909f56bfc062723c751e8b465ee728b)  -> (artifact id: 'aaf374d5cd1fa938c829192b1ee0d382') in 0.014038 seconds 
========================================================================
Received Import Request.
  Time since last request: 0.003936 seconds.
  path: Assets/HitBerry/Prefabs/Props/Furniture/SM_Prop_Chair_11.prefab
  artifactKey: Guid(46276d824911b4f4f84daca1f9c6d128) Importer(815301076,1909f56bfc062723c751e8b465ee728b)
Start importing Assets/HitBerry/Prefabs/Props/Furniture/SM_Prop_Chair_11.prefab using Guid(46276d824911b4f4f84daca1f9c6d128) Importer(815301076,1909f56bfc062723c751e8b465ee728b)  -> (artifact id: '5a583538898ed981b6da9f1ff104d591') in 0.340506 seconds 
========================================================================
Received Import Request.
  Time since last request: 2.684691 seconds.
  path: Assets/HitBerry/Prefabs/Props/Desk Props/SM_Prop_Book_Group_02.prefab
  artifactKey: Guid(a75d54721660055458ad1b98221ba023) Importer(815301076,1909f56bfc062723c751e8b465ee728b)
Start importing Assets/HitBerry/Prefabs/Props/Desk Props/SM_Prop_Book_Group_02.prefab using Guid(a75d54721660055458ad1b98221ba023) Importer(815301076,1909f56bfc062723c751e8b465ee728b)  -> (artifact id: '096f98a96871e2356aec54b397599caa') in 0.329929 seconds 
========================================================================
Received Import Request.
  Time since last request: 0.000047 seconds.
  path: Assets/HitBerry/Prefabs/Props/Desk Props/SM_Prop_Cup_Styrofoam_01.prefab
  artifactKey: Guid(91e43a60a5017b44e950c8af76db419a) Importer(815301076,1909f56bfc062723c751e8b465ee728b)
Start importing Assets/HitBerry/Prefabs/Props/Desk Props/SM_Prop_Cup_Styrofoam_01.prefab using Guid(91e43a60a5017b44e950c8af76db419a) Importer(815301076,1909f56bfc062723c751e8b465ee728b)  -> (artifact id: 'd1f2a7b28c5b7508f5c81301eb007204') in 0.365179 seconds 
========================================================================
Received Import Request.
  Time since last request: 0.000059 seconds.
  path: Assets/HitBerry/Prefabs/Props/Desk Props/SM_Prop_DeskLamp_07.prefab
  artifactKey: Guid(532a0274f1c788a479fd3c2a2ad0af07) Importer(815301076,1909f56bfc062723c751e8b465ee728b)
Start importing Assets/HitBerry/Prefabs/Props/Desk Props/SM_Prop_DeskLamp_07.prefab using Guid(532a0274f1c788a479fd3c2a2ad0af07) Importer(815301076,1909f56bfc062723c751e8b465ee728b)  -> (artifact id: '3c854886cea1c40c749ee8acc46c3bd2') in 0.422487 seconds 
========================================================================
Received Import Request.
  Time since last request: 0.001314 seconds.
  path: Assets/HitBerry/Prefabs/Props/Desk Props/SM_Prop_Figure_Cowgirl_01.prefab
  artifactKey: Guid(4cdbf04926831264599645c7bd8e0aba) Importer(815301076,1909f56bfc062723c751e8b465ee728b)
Start importing Assets/HitBerry/Prefabs/Props/Desk Props/SM_Prop_Figure_Cowgirl_01.prefab using Guid(4cdbf04926831264599645c7bd8e0aba) Importer(815301076,1909f56bfc062723c751e8b465ee728b)  -> (artifact id: '8d204024a20ddb83bf616c0496b1f4db') in 0.594814 seconds 
========================================================================
Received Import Request.
  Time since last request: 0.000056 seconds.
  path: Assets/HitBerry/Prefabs/Props/Desk Props/SM_Prop_Cup_Lid_01.prefab
  artifactKey: Guid(8d2f0f90c77c07b4cb896337a451976b) Importer(815301076,1909f56bfc062723c751e8b465ee728b)
Start importing Assets/HitBerry/Prefabs/Props/Desk Props/SM_Prop_Cup_Lid_01.prefab using Guid(8d2f0f90c77c07b4cb896337a451976b) Importer(815301076,1909f56bfc062723c751e8b465ee728b)  -> (artifact id: '468a7f3813c9bc6de982399109022aa8') in 0.277523 seconds 
========================================================================
Received Import Request.
  Time since last request: 0.000040 seconds.
  path: Assets/HitBerry/Prefabs/Props/Desk Props/SM_Prop_Book_Magazine_01.prefab
  artifactKey: Guid(e4f17a6172a5cd040b4eaf33b02f3c43) Importer(815301076,1909f56bfc062723c751e8b465ee728b)
Start importing Assets/HitBerry/Prefabs/Props/Desk Props/SM_Prop_Book_Magazine_01.prefab using Guid(e4f17a6172a5cd040b4eaf33b02f3c43) Importer(815301076,1909f56bfc062723c751e8b465ee728b)  -> (artifact id: '9a63e7e9d511ea04f27deb54104d655d') in 0.414974 seconds 
========================================================================
Received Import Request.
  Time since last request: 0.000056 seconds.
  path: Assets/HitBerry/Prefabs/Props/Desk Props/SM_Prop_Computer_Monitor_Curved_01.prefab
  artifactKey: Guid(4b8a912e3946188479dd794b8994562b) Importer(815301076,1909f56bfc062723c751e8b465ee728b)
Start importing Assets/HitBerry/Prefabs/Props/Desk Props/SM_Prop_Computer_Monitor_Curved_01.prefab using Guid(4b8a912e3946188479dd794b8994562b) Importer(815301076,1909f56bfc062723c751e8b465ee728b)  -> (artifact id: '8e8907b0a5b1904bb35613f8d1b1cd02') in 0.158745 seconds 
========================================================================
Received Import Request.
  Time since last request: 0.000051 seconds.
  path: Assets/HitBerry/Prefabs/Props/Desk Props/SM_Prop_Figure_Goblin_01.prefab
  artifactKey: Guid(48b0da2e74e00254fa491183a19702e7) Importer(815301076,1909f56bfc062723c751e8b465ee728b)
Start importing Assets/HitBerry/Prefabs/Props/Desk Props/SM_Prop_Figure_Goblin_01.prefab using Guid(48b0da2e74e00254fa491183a19702e7) Importer(815301076,1909f56bfc062723c751e8b465ee728b)  -> (artifact id: '060b628b8a11d59da8549d8765b074e3') in 0.398485 seconds 
========================================================================
Received Import Request.
  Time since last request: 0.000043 seconds.
  path: Assets/HitBerry/Prefabs/Props/Desk Props/SM_Prop_Book_Group_03.prefab
  artifactKey: Guid(035611dae95ce32489d2e82edd88366a) Importer(815301076,1909f56bfc062723c751e8b465ee728b)
Start importing Assets/HitBerry/Prefabs/Props/Desk Props/SM_Prop_Book_Group_03.prefab using Guid(035611dae95ce32489d2e82edd88366a) Importer(815301076,1909f56bfc062723c751e8b465ee728b)  -> (artifact id: '406a6c8b6b19d21cec9d8da904da3c45') in 0.201107 seconds 
